2019-02-24 00:49:51,903 WARN  [main] util.NativeCodeLoader (NativeCodeLoader.java:<clinit>(62)) - Unable to load native-hadoop library for your platform... using builtin-java classes where applicable
2019-02-24 00:49:52,162 INFO  [main] Configuration.deprecation (Configuration.java:warnOnceIfDeprecated(1049)) - session.id is deprecated. Instead, use dfs.metrics.session-id
2019-02-24 00:49:52,163 INFO  [main] jvm.JvmMetrics (JvmMetrics.java:init(76)) - Initializing JVM Metrics with processName=JobTracker, sessionId=
2019-02-24 00:49:52,525 WARN  [main] mapreduce.JobSubmitter (JobSubmitter.java:copyAndConfigureFiles(153)) - Hadoop command-line option parsing not performed. Implement the Tool interface and execute your application with ToolRunner to remedy this.
2019-02-24 00:49:52,560 INFO  [main] input.FileInputFormat (FileInputFormat.java:listStatus(281)) - Total input paths to process : 1
2019-02-24 00:49:52,576 INFO  [main] input.FileInputFormat (FileInputFormat.java:listStatus(281)) - Total input paths to process : 1
2019-02-24 00:49:52,600 INFO  [main] mapreduce.JobSubmitter (JobSubmitter.java:submitJobInternal(494)) - number of splits:2
2019-02-24 00:49:52,746 INFO  [main] mapreduce.JobSubmitter (JobSubmitter.java:printTokens(583)) - Submitting tokens for job: job_local24686502_0001
2019-02-24 00:49:53,189 INFO  [main] mapreduce.Job (Job.java:submit(1300)) - The url to track the job: http://localhost:8080/
2019-02-24 00:49:53,190 INFO  [main] mapreduce.Job (Job.java:monitorAndPrintJob(1345)) - Running job: job_local24686502_0001
2019-02-24 00:49:53,194 INFO  [Thread-13] mapred.LocalJobRunner (LocalJobRunner.java:createOutputCommitter(471)) - OutputCommitter set in config null
2019-02-24 00:49:53,211 INFO  [Thread-13] mapred.LocalJobRunner (LocalJobRunner.java:createOutputCommitter(489)) - OutputCommitter is org.apache.hadoop.mapreduce.lib.output.FileOutputCommitter
2019-02-24 00:49:53,343 INFO  [Thread-13] mapred.LocalJobRunner (LocalJobRunner.java:runTasks(448)) - Waiting for map tasks
2019-02-24 00:49:53,344 INFO  [LocalJobRunner Map Task Executor #0] mapred.LocalJobRunner (LocalJobRunner.java:run(224)) - Starting task: attempt_local24686502_0001_m_000000_0
2019-02-24 00:49:53,423 INFO  [LocalJobRunner Map Task Executor #0] mapred.Task (Task.java:initialize(587)) -  Using ResourceCalculatorProcessTree : [ ]
2019-02-24 00:49:53,426 INFO  [LocalJobRunner Map Task Executor #0] mapred.MapTask (MapTask.java:runNewMapper(753)) - Processing split: file:/home/ssatone/project2/project2/M-matrix-small.txt:0+92
2019-02-24 00:49:53,611 INFO  [LocalJobRunner Map Task Executor #0] mapred.MapTask (MapTask.java:setEquator(1202)) - (EQUATOR) 0 kvi 26214396(104857584)
2019-02-24 00:49:53,612 INFO  [LocalJobRunner Map Task Executor #0] mapred.MapTask (MapTask.java:init(995)) - mapreduce.task.io.sort.mb: 100
2019-02-24 00:49:53,612 INFO  [LocalJobRunner Map Task Executor #0] mapred.MapTask (MapTask.java:init(996)) - soft limit at 83886080
2019-02-24 00:49:53,612 INFO  [LocalJobRunner Map Task Executor #0] mapred.MapTask (MapTask.java:init(997)) - bufstart = 0; bufvoid = 104857600
2019-02-24 00:49:53,613 INFO  [LocalJobRunner Map Task Executor #0] mapred.MapTask (MapTask.java:init(998)) - kvstart = 26214396; length = 6553600
2019-02-24 00:49:53,615 INFO  [LocalJobRunner Map Task Executor #0] mapred.MapTask (MapTask.java:createSortingCollector(402)) - Map output collector class = org.apache.hadoop.mapred.MapTask$MapOutputBuffer
2019-02-24 00:49:53,710 INFO  [LocalJobRunner Map Task Executor #0] mapred.LocalJobRunner (LocalJobRunner.java:statusUpdate(591)) - 
2019-02-24 00:49:53,710 INFO  [LocalJobRunner Map Task Executor #0] mapred.MapTask (MapTask.java:flush(1457)) - Starting flush of map output
2019-02-24 00:49:53,710 INFO  [LocalJobRunner Map Task Executor #0] mapred.MapTask (MapTask.java:flush(1475)) - Spilling map output
2019-02-24 00:49:53,710 INFO  [LocalJobRunner Map Task Executor #0] mapred.MapTask (MapTask.java:flush(1476)) - bufstart = 0; bufend = 198; bufvoid = 104857600
2019-02-24 00:49:53,710 INFO  [LocalJobRunner Map Task Executor #0] mapred.MapTask (MapTask.java:flush(1478)) - kvstart = 26214396(104857584); kvend = 26214356(104857424); length = 41/6553600
2019-02-24 00:49:53,716 INFO  [LocalJobRunner Map Task Executor #0] mapred.MapTask (MapTask.java:sortAndSpill(1660)) - Finished spill 0
2019-02-24 00:49:53,731 INFO  [LocalJobRunner Map Task Executor #0] mapred.Task (Task.java:done(1001)) - Task:attempt_local24686502_0001_m_000000_0 is done. And is in the process of committing
2019-02-24 00:49:53,741 INFO  [LocalJobRunner Map Task Executor #0] mapred.LocalJobRunner (LocalJobRunner.java:statusUpdate(591)) - map
2019-02-24 00:49:53,742 INFO  [LocalJobRunner Map Task Executor #0] mapred.Task (Task.java:sendDone(1121)) - Task 'attempt_local24686502_0001_m_000000_0' done.
2019-02-24 00:49:53,742 INFO  [LocalJobRunner Map Task Executor #0] mapred.LocalJobRunner (LocalJobRunner.java:run(249)) - Finishing task: attempt_local24686502_0001_m_000000_0
2019-02-24 00:49:53,743 INFO  [LocalJobRunner Map Task Executor #0] mapred.LocalJobRunner (LocalJobRunner.java:run(224)) - Starting task: attempt_local24686502_0001_m_000001_0
2019-02-24 00:49:53,744 INFO  [LocalJobRunner Map Task Executor #0] mapred.Task (Task.java:initialize(587)) -  Using ResourceCalculatorProcessTree : [ ]
2019-02-24 00:49:53,745 INFO  [LocalJobRunner Map Task Executor #0] mapred.MapTask (MapTask.java:runNewMapper(753)) - Processing split: file:/home/ssatone/project2/project2/N-matrix-small.txt:0+67
2019-02-24 00:49:53,768 INFO  [LocalJobRunner Map Task Executor #0] mapred.MapTask (MapTask.java:setEquator(1202)) - (EQUATOR) 0 kvi 26214396(104857584)
2019-02-24 00:49:53,768 INFO  [LocalJobRunner Map Task Executor #0] mapred.MapTask (MapTask.java:init(995)) - mapreduce.task.io.sort.mb: 100
2019-02-24 00:49:53,768 INFO  [LocalJobRunner Map Task Executor #0] mapred.MapTask (MapTask.java:init(996)) - soft limit at 83886080
2019-02-24 00:49:53,768 INFO  [LocalJobRunner Map Task Executor #0] mapred.MapTask (MapTask.java:init(997)) - bufstart = 0; bufvoid = 104857600
2019-02-24 00:49:53,768 INFO  [LocalJobRunner Map Task Executor #0] mapred.MapTask (MapTask.java:init(998)) - kvstart = 26214396; length = 6553600
2019-02-24 00:49:53,769 INFO  [LocalJobRunner Map Task Executor #0] mapred.MapTask (MapTask.java:createSortingCollector(402)) - Map output collector class = org.apache.hadoop.mapred.MapTask$MapOutputBuffer
2019-02-24 00:49:53,775 INFO  [LocalJobRunner Map Task Executor #0] mapred.LocalJobRunner (LocalJobRunner.java:statusUpdate(591)) - 
2019-02-24 00:49:53,811 INFO  [LocalJobRunner Map Task Executor #0] mapred.MapTask (MapTask.java:flush(1457)) - Starting flush of map output
2019-02-24 00:49:53,811 INFO  [LocalJobRunner Map Task Executor #0] mapred.MapTask (MapTask.java:flush(1475)) - Spilling map output
2019-02-24 00:49:53,811 INFO  [LocalJobRunner Map Task Executor #0] mapred.MapTask (MapTask.java:flush(1476)) - bufstart = 0; bufend = 144; bufvoid = 104857600
2019-02-24 00:49:53,811 INFO  [LocalJobRunner Map Task Executor #0] mapred.MapTask (MapTask.java:flush(1478)) - kvstart = 26214396(104857584); kvend = 26214368(104857472); length = 29/6553600
2019-02-24 00:49:53,812 INFO  [LocalJobRunner Map Task Executor #0] mapred.MapTask (MapTask.java:sortAndSpill(1660)) - Finished spill 0
2019-02-24 00:49:53,834 INFO  [LocalJobRunner Map Task Executor #0] mapred.Task (Task.java:done(1001)) - Task:attempt_local24686502_0001_m_000001_0 is done. And is in the process of committing
2019-02-24 00:49:53,836 INFO  [LocalJobRunner Map Task Executor #0] mapred.LocalJobRunner (LocalJobRunner.java:statusUpdate(591)) - map
2019-02-24 00:49:53,836 INFO  [LocalJobRunner Map Task Executor #0] mapred.Task (Task.java:sendDone(1121)) - Task 'attempt_local24686502_0001_m_000001_0' done.
2019-02-24 00:49:53,836 INFO  [LocalJobRunner Map Task Executor #0] mapred.LocalJobRunner (LocalJobRunner.java:run(249)) - Finishing task: attempt_local24686502_0001_m_000001_0
2019-02-24 00:49:53,839 INFO  [Thread-13] mapred.LocalJobRunner (LocalJobRunner.java:runTasks(456)) - map task executor complete.
2019-02-24 00:49:53,846 INFO  [Thread-13] mapred.LocalJobRunner (LocalJobRunner.java:runTasks(448)) - Waiting for reduce tasks
2019-02-24 00:49:53,847 INFO  [pool-3-thread-1] mapred.LocalJobRunner (LocalJobRunner.java:run(302)) - Starting task: attempt_local24686502_0001_r_000000_0
2019-02-24 00:49:53,876 INFO  [pool-3-thread-1] mapred.Task (Task.java:initialize(587)) -  Using ResourceCalculatorProcessTree : [ ]
2019-02-24 00:49:53,879 INFO  [pool-3-thread-1] mapred.ReduceTask (ReduceTask.java:run(362)) - Using ShuffleConsumerPlugin: org.apache.hadoop.mapreduce.task.reduce.Shuffle@1eb93c65
2019-02-24 00:49:53,902 INFO  [pool-3-thread-1] reduce.MergeManagerImpl (MergeManagerImpl.java:<init>(196)) - MergerManager: memoryLimit=703542080, maxSingleShuffleLimit=175885520, mergeThreshold=464337792, ioSortFactor=10, memToMemMergeOutputsThreshold=10
2019-02-24 00:49:53,917 INFO  [EventFetcher for fetching Map Completion Events] reduce.EventFetcher (EventFetcher.java:run(61)) - attempt_local24686502_0001_r_000000_0 Thread started: EventFetcher for fetching Map Completion Events
2019-02-24 00:49:53,970 INFO  [localfetcher#1] reduce.LocalFetcher (LocalFetcher.java:copyMapOutput(141)) - localfetcher#1 about to shuffle output of map attempt_local24686502_0001_m_000001_0 decomp: 162 len: 166 to MEMORY
2019-02-24 00:49:53,979 INFO  [localfetcher#1] reduce.InMemoryMapOutput (InMemoryMapOutput.java:shuffle(100)) - Read 162 bytes from map-output for attempt_local24686502_0001_m_000001_0
2019-02-24 00:49:53,998 INFO  [localfetcher#1] reduce.MergeManagerImpl (MergeManagerImpl.java:closeInMemoryFile(314)) - closeInMemoryFile -> map-output of size: 162, inMemoryMapOutputs.size() -> 1, commitMemory -> 0, usedMemory ->162
2019-02-24 00:49:54,013 INFO  [localfetcher#1] reduce.LocalFetcher (LocalFetcher.java:copyMapOutput(141)) - localfetcher#1 about to shuffle output of map attempt_local24686502_0001_m_000000_0 decomp: 222 len: 226 to MEMORY
2019-02-24 00:49:54,014 INFO  [localfetcher#1] reduce.InMemoryMapOutput (InMemoryMapOutput.java:shuffle(100)) - Read 222 bytes from map-output for attempt_local24686502_0001_m_000000_0
2019-02-24 00:49:54,014 INFO  [localfetcher#1] reduce.MergeManagerImpl (MergeManagerImpl.java:closeInMemoryFile(314)) - closeInMemoryFile -> map-output of size: 222, inMemoryMapOutputs.size() -> 2, commitMemory -> 162, usedMemory ->384
2019-02-24 00:49:54,014 INFO  [EventFetcher for fetching Map Completion Events] reduce.EventFetcher (EventFetcher.java:run(76)) - EventFetcher is interrupted.. Returning
2019-02-24 00:49:54,015 INFO  [pool-3-thread-1] mapred.LocalJobRunner (LocalJobRunner.java:statusUpdate(591)) - 2 / 2 copied.
2019-02-24 00:49:54,015 INFO  [pool-3-thread-1] reduce.MergeManagerImpl (MergeManagerImpl.java:finalMerge(674)) - finalMerge called with 2 in-memory map-outputs and 0 on-disk map-outputs
2019-02-24 00:49:54,020 INFO  [pool-3-thread-1] mapred.Merger (Merger.java:merge(597)) - Merging 2 sorted segments
2019-02-24 00:49:54,021 INFO  [pool-3-thread-1] mapred.Merger (Merger.java:merge(696)) - Down to the last merge-pass, with 2 segments left of total size: 372 bytes
2019-02-24 00:49:54,021 INFO  [pool-3-thread-1] reduce.MergeManagerImpl (MergeManagerImpl.java:finalMerge(751)) - Merged 2 segments, 384 bytes to disk to satisfy reduce memory limit
2019-02-24 00:49:54,022 INFO  [pool-3-thread-1] reduce.MergeManagerImpl (MergeManagerImpl.java:finalMerge(781)) - Merging 1 files, 386 bytes from disk
2019-02-24 00:49:54,022 INFO  [pool-3-thread-1] reduce.MergeManagerImpl (MergeManagerImpl.java:finalMerge(796)) - Merging 0 segments, 0 bytes from memory into reduce
2019-02-24 00:49:54,022 INFO  [pool-3-thread-1] mapred.Merger (Merger.java:merge(597)) - Merging 1 sorted segments
2019-02-24 00:49:54,022 INFO  [pool-3-thread-1] mapred.Merger (Merger.java:merge(696)) - Down to the last merge-pass, with 1 segments left of total size: 376 bytes
2019-02-24 00:49:54,023 INFO  [pool-3-thread-1] mapred.LocalJobRunner (LocalJobRunner.java:statusUpdate(591)) - 2 / 2 copied.
2019-02-24 00:49:54,043 INFO  [pool-3-thread-1] Configuration.deprecation (Configuration.java:warnOnceIfDeprecated(1049)) - mapred.skip.on is deprecated. Instead, use mapreduce.job.skiprecords
2019-02-24 00:49:54,054 INFO  [pool-3-thread-1] mapred.Task (Task.java:done(1001)) - Task:attempt_local24686502_0001_r_000000_0 is done. And is in the process of committing
2019-02-24 00:49:54,056 INFO  [pool-3-thread-1] mapred.LocalJobRunner (LocalJobRunner.java:statusUpdate(591)) - 2 / 2 copied.
2019-02-24 00:49:54,056 INFO  [pool-3-thread-1] mapred.Task (Task.java:commit(1162)) - Task attempt_local24686502_0001_r_000000_0 is allowed to commit now
2019-02-24 00:49:54,058 INFO  [pool-3-thread-1] output.FileOutputCommitter (FileOutputCommitter.java:commitTask(439)) - Saved output of task 'attempt_local24686502_0001_r_000000_0' to file:/home/ssatone/project2/project2/intermediate/_temporary/0/task_local24686502_0001_r_000000
2019-02-24 00:49:54,059 INFO  [pool-3-thread-1] mapred.LocalJobRunner (LocalJobRunner.java:statusUpdate(591)) - reduce > reduce
2019-02-24 00:49:54,060 INFO  [pool-3-thread-1] mapred.Task (Task.java:sendDone(1121)) - Task 'attempt_local24686502_0001_r_000000_0' done.
2019-02-24 00:49:54,060 INFO  [pool-3-thread-1] mapred.LocalJobRunner (LocalJobRunner.java:run(325)) - Finishing task: attempt_local24686502_0001_r_000000_0
2019-02-24 00:49:54,060 INFO  [Thread-13] mapred.LocalJobRunner (LocalJobRunner.java:runTasks(456)) - reduce task executor complete.
2019-02-24 00:49:54,192 INFO  [main] mapreduce.Job (Job.java:monitorAndPrintJob(1366)) - Job job_local24686502_0001 running in uber mode : false
2019-02-24 00:49:54,193 INFO  [main] mapreduce.Job (Job.java:monitorAndPrintJob(1373)) -  map 100% reduce 100%
2019-02-24 00:49:54,194 INFO  [main] mapreduce.Job (Job.java:monitorAndPrintJob(1384)) - Job job_local24686502_0001 completed successfully
2019-02-24 00:49:54,230 INFO  [main] mapreduce.Job (Job.java:monitorAndPrintJob(1391)) - Counters: 33
	File System Counters
		FILE: Number of bytes read=26220
		FILE: Number of bytes written=783403
		FILE: Number of read operations=0
		FILE: Number of large read operations=0
		FILE: Number of write operations=0
	Map-Reduce Framework
		Map input records=19
		Map output records=19
		Map output bytes=342
		Map output materialized bytes=392
		Input split bytes=492
		Combine input records=0
		Combine output records=0
		Reduce input groups=3
		Reduce shuffle bytes=392
		Reduce input records=19
		Reduce output records=29
		Spilled Records=38
		Shuffled Maps =2
		Failed Shuffles=0
		Merged Map outputs=2
		GC time elapsed (ms)=140
		CPU time spent (ms)=0
		Physical memory (bytes) snapshot=0
		Virtual memory (bytes) snapshot=0
		Total committed heap usage (bytes)=3015180288
	Shuffle Errors
		BAD_ID=0
		CONNECTION=0
		IO_ERROR=0
		WRONG_LENGTH=0
		WRONG_MAP=0
		WRONG_REDUCE=0
	File Input Format Counters 
		Bytes Read=0
	File Output Format Counters 
		Bytes Written=779
2019-02-24 00:49:54,383 INFO  [main] jvm.JvmMetrics (JvmMetrics.java:init(71)) - Cannot initialize JVM Metrics with processName=JobTracker, sessionId= - already initialized
2019-02-24 00:49:54,432 WARN  [main] mapreduce.JobSubmitter (JobSubmitter.java:copyAndConfigureFiles(153)) - Hadoop command-line option parsing not performed. Implement the Tool interface and execute your application with ToolRunner to remedy this.
2019-02-24 00:49:54,520 INFO  [main] input.FileInputFormat (FileInputFormat.java:listStatus(281)) - Total input paths to process : 1
2019-02-24 00:49:54,529 INFO  [main] mapreduce.JobSubmitter (JobSubmitter.java:submitJobInternal(494)) - number of splits:1
2019-02-24 00:49:54,550 INFO  [main] mapreduce.JobSubmitter (JobSubmitter.java:printTokens(583)) - Submitting tokens for job: job_local518931736_0002
2019-02-24 00:49:54,714 INFO  [main] mapreduce.Job (Job.java:submit(1300)) - The url to track the job: http://localhost:8080/
2019-02-24 00:49:54,714 INFO  [main] mapreduce.Job (Job.java:monitorAndPrintJob(1345)) - Running job: job_local518931736_0002
2019-02-24 00:49:54,716 INFO  [Thread-38] mapred.LocalJobRunner (LocalJobRunner.java:createOutputCommitter(471)) - OutputCommitter set in config null
2019-02-24 00:49:54,716 INFO  [Thread-38] mapred.LocalJobRunner (LocalJobRunner.java:createOutputCommitter(489)) - OutputCommitter is org.apache.hadoop.mapreduce.lib.output.FileOutputCommitter
2019-02-24 00:49:54,732 INFO  [Thread-38] mapred.LocalJobRunner (LocalJobRunner.java:runTasks(448)) - Waiting for map tasks
2019-02-24 00:49:54,732 INFO  [LocalJobRunner Map Task Executor #0] mapred.LocalJobRunner (LocalJobRunner.java:run(224)) - Starting task: attempt_local518931736_0002_m_000000_0
2019-02-24 00:49:54,745 INFO  [LocalJobRunner Map Task Executor #0] mapred.Task (Task.java:initialize(587)) -  Using ResourceCalculatorProcessTree : [ ]
2019-02-24 00:49:54,751 INFO  [LocalJobRunner Map Task Executor #0] mapred.MapTask (MapTask.java:runNewMapper(753)) - Processing split: file:/home/ssatone/project2/project2/intermediate/part-r-00000:0+763
2019-02-24 00:49:54,764 INFO  [LocalJobRunner Map Task Executor #0] mapred.MapTask (MapTask.java:setEquator(1202)) - (EQUATOR) 0 kvi 26214396(104857584)
2019-02-24 00:49:54,764 INFO  [LocalJobRunner Map Task Executor #0] mapred.MapTask (MapTask.java:init(995)) - mapreduce.task.io.sort.mb: 100
2019-02-24 00:49:54,777 INFO  [LocalJobRunner Map Task Executor #0] mapred.MapTask (MapTask.java:init(996)) - soft limit at 83886080
2019-02-24 00:49:54,777 INFO  [LocalJobRunner Map Task Executor #0] mapred.MapTask (MapTask.java:init(997)) - bufstart = 0; bufvoid = 104857600
2019-02-24 00:49:54,777 INFO  [LocalJobRunner Map Task Executor #0] mapred.MapTask (MapTask.java:init(998)) - kvstart = 26214396; length = 6553600
2019-02-24 00:49:54,777 INFO  [LocalJobRunner Map Task Executor #0] mapred.MapTask (MapTask.java:createSortingCollector(402)) - Map output collector class = org.apache.hadoop.mapred.MapTask$MapOutputBuffer
2019-02-24 00:49:54,796 INFO  [LocalJobRunner Map Task Executor #0] mapred.LocalJobRunner (LocalJobRunner.java:statusUpdate(591)) - 
2019-02-24 00:49:54,798 INFO  [LocalJobRunner Map Task Executor #0] mapred.MapTask (MapTask.java:flush(1457)) - Starting flush of map output
2019-02-24 00:49:54,798 INFO  [LocalJobRunner Map Task Executor #0] mapred.MapTask (MapTask.java:flush(1475)) - Spilling map output
2019-02-24 00:49:54,798 INFO  [LocalJobRunner Map Task Executor #0] mapred.MapTask (MapTask.java:flush(1476)) - bufstart = 0; bufend = 464; bufvoid = 104857600
2019-02-24 00:49:54,798 INFO  [LocalJobRunner Map Task Executor #0] mapred.MapTask (MapTask.java:flush(1478)) - kvstart = 26214396(104857584); kvend = 26214284(104857136); length = 113/6553600
2019-02-24 00:49:54,799 INFO  [LocalJobRunner Map Task Executor #0] mapred.MapTask (MapTask.java:sortAndSpill(1660)) - Finished spill 0
2019-02-24 00:49:54,808 INFO  [LocalJobRunner Map Task Executor #0] mapred.Task (Task.java:done(1001)) - Task:attempt_local518931736_0002_m_000000_0 is done. And is in the process of committing
2019-02-24 00:49:54,820 INFO  [LocalJobRunner Map Task Executor #0] mapred.LocalJobRunner (LocalJobRunner.java:statusUpdate(591)) - map
2019-02-24 00:49:54,820 INFO  [LocalJobRunner Map Task Executor #0] mapred.Task (Task.java:sendDone(1121)) - Task 'attempt_local518931736_0002_m_000000_0' done.
2019-02-24 00:49:54,820 INFO  [LocalJobRunner Map Task Executor #0] mapred.LocalJobRunner (LocalJobRunner.java:run(249)) - Finishing task: attempt_local518931736_0002_m_000000_0
2019-02-24 00:49:54,821 INFO  [Thread-38] mapred.LocalJobRunner (LocalJobRunner.java:runTasks(456)) - map task executor complete.
2019-02-24 00:49:54,832 INFO  [Thread-38] mapred.LocalJobRunner (LocalJobRunner.java:runTasks(448)) - Waiting for reduce tasks
2019-02-24 00:49:54,838 INFO  [pool-6-thread-1] mapred.LocalJobRunner (LocalJobRunner.java:run(302)) - Starting task: attempt_local518931736_0002_r_000000_0
2019-02-24 00:49:54,850 INFO  [pool-6-thread-1] mapred.Task (Task.java:initialize(587)) -  Using ResourceCalculatorProcessTree : [ ]
2019-02-24 00:49:54,850 INFO  [pool-6-thread-1] mapred.ReduceTask (ReduceTask.java:run(362)) - Using ShuffleConsumerPlugin: org.apache.hadoop.mapreduce.task.reduce.Shuffle@4aa7f550
2019-02-24 00:49:54,854 INFO  [pool-6-thread-1] reduce.MergeManagerImpl (MergeManagerImpl.java:<init>(196)) - MergerManager: memoryLimit=703542080, maxSingleShuffleLimit=175885520, mergeThreshold=464337792, ioSortFactor=10, memToMemMergeOutputsThreshold=10
2019-02-24 00:49:54,868 INFO  [EventFetcher for fetching Map Completion Events] reduce.EventFetcher (EventFetcher.java:run(61)) - attempt_local518931736_0002_r_000000_0 Thread started: EventFetcher for fetching Map Completion Events
2019-02-24 00:49:54,880 INFO  [localfetcher#2] reduce.LocalFetcher (LocalFetcher.java:copyMapOutput(141)) - localfetcher#2 about to shuffle output of map attempt_local518931736_0002_m_000000_0 decomp: 524 len: 528 to MEMORY
2019-02-24 00:49:54,881 INFO  [localfetcher#2] reduce.InMemoryMapOutput (InMemoryMapOutput.java:shuffle(100)) - Read 524 bytes from map-output for attempt_local518931736_0002_m_000000_0
2019-02-24 00:49:54,881 INFO  [localfetcher#2] reduce.MergeManagerImpl (MergeManagerImpl.java:closeInMemoryFile(314)) - closeInMemoryFile -> map-output of size: 524, inMemoryMapOutputs.size() -> 1, commitMemory -> 0, usedMemory ->524
2019-02-24 00:49:54,882 INFO  [EventFetcher for fetching Map Completion Events] reduce.EventFetcher (EventFetcher.java:run(76)) - EventFetcher is interrupted.. Returning
2019-02-24 00:49:54,884 INFO  [pool-6-thread-1] mapred.LocalJobRunner (LocalJobRunner.java:statusUpdate(591)) - 1 / 1 copied.
2019-02-24 00:49:54,884 INFO  [pool-6-thread-1] reduce.MergeManagerImpl (MergeManagerImpl.java:finalMerge(674)) - finalMerge called with 1 in-memory map-outputs and 0 on-disk map-outputs
2019-02-24 00:49:54,884 INFO  [pool-6-thread-1] mapred.Merger (Merger.java:merge(597)) - Merging 1 sorted segments
2019-02-24 00:49:54,885 INFO  [pool-6-thread-1] mapred.Merger (Merger.java:merge(696)) - Down to the last merge-pass, with 1 segments left of total size: 514 bytes
2019-02-24 00:49:54,887 INFO  [pool-6-thread-1] reduce.MergeManagerImpl (MergeManagerImpl.java:finalMerge(751)) - Merged 1 segments, 524 bytes to disk to satisfy reduce memory limit
2019-02-24 00:49:54,887 INFO  [pool-6-thread-1] reduce.MergeManagerImpl (MergeManagerImpl.java:finalMerge(781)) - Merging 1 files, 528 bytes from disk
2019-02-24 00:49:54,887 INFO  [pool-6-thread-1] reduce.MergeManagerImpl (MergeManagerImpl.java:finalMerge(796)) - Merging 0 segments, 0 bytes from memory into reduce
2019-02-24 00:49:54,887 INFO  [pool-6-thread-1] mapred.Merger (Merger.java:merge(597)) - Merging 1 sorted segments
2019-02-24 00:49:54,887 INFO  [pool-6-thread-1] mapred.Merger (Merger.java:merge(696)) - Down to the last merge-pass, with 1 segments left of total size: 514 bytes
2019-02-24 00:49:54,888 INFO  [pool-6-thread-1] mapred.LocalJobRunner (LocalJobRunner.java:statusUpdate(591)) - 1 / 1 copied.
2019-02-24 00:49:54,926 INFO  [pool-6-thread-1] mapred.Task (Task.java:done(1001)) - Task:attempt_local518931736_0002_r_000000_0 is done. And is in the process of committing
2019-02-24 00:49:54,927 INFO  [pool-6-thread-1] mapred.LocalJobRunner (LocalJobRunner.java:statusUpdate(591)) - 1 / 1 copied.
2019-02-24 00:49:54,927 INFO  [pool-6-thread-1] mapred.Task (Task.java:commit(1162)) - Task attempt_local518931736_0002_r_000000_0 is allowed to commit now
2019-02-24 00:49:54,932 INFO  [pool-6-thread-1] output.FileOutputCommitter (FileOutputCommitter.java:commitTask(439)) - Saved output of task 'attempt_local518931736_0002_r_000000_0' to file:/home/ssatone/project2/project2/output/_temporary/0/task_local518931736_0002_r_000000
2019-02-24 00:49:54,933 INFO  [pool-6-thread-1] mapred.LocalJobRunner (LocalJobRunner.java:statusUpdate(591)) - reduce > reduce
2019-02-24 00:49:54,933 INFO  [pool-6-thread-1] mapred.Task (Task.java:sendDone(1121)) - Task 'attempt_local518931736_0002_r_000000_0' done.
2019-02-24 00:49:54,933 INFO  [pool-6-thread-1] mapred.LocalJobRunner (LocalJobRunner.java:run(325)) - Finishing task: attempt_local518931736_0002_r_000000_0
2019-02-24 00:49:54,933 INFO  [Thread-38] mapred.LocalJobRunner (LocalJobRunner.java:runTasks(456)) - reduce task executor complete.
2019-02-24 00:49:55,714 INFO  [main] mapreduce.Job (Job.java:monitorAndPrintJob(1366)) - Job job_local518931736_0002 running in uber mode : false
2019-02-24 00:49:55,715 INFO  [main] mapreduce.Job (Job.java:monitorAndPrintJob(1373)) -  map 100% reduce 100%
2019-02-24 00:49:55,715 INFO  [main] mapreduce.Job (Job.java:monitorAndPrintJob(1384)) - Job job_local518931736_0002 completed successfully
2019-02-24 00:49:55,723 INFO  [main] mapreduce.Job (Job.java:monitorAndPrintJob(1391)) - Counters: 33
	File System Counters
		FILE: Number of bytes read=36844
		FILE: Number of bytes written=1047549
		FILE: Number of read operations=0
		FILE: Number of large read operations=0
		FILE: Number of write operations=0
	Map-Reduce Framework
		Map input records=29
		Map output records=29
		Map output bytes=464
		Map output materialized bytes=528
		Input split bytes=127
		Combine input records=0
		Combine output records=0
		Reduce input groups=12
		Reduce shuffle bytes=528
		Reduce input records=29
		Reduce output records=12
		Spilled Records=58
		Shuffled Maps =1
		Failed Shuffles=0
		Merged Map outputs=1
		GC time elapsed (ms)=0
		CPU time spent (ms)=0
		Physical memory (bytes) snapshot=0
		Virtual memory (bytes) snapshot=0
		Total committed heap usage (bytes)=2010120192
	Shuffle Errors
		BAD_ID=0
		CONNECTION=0
		IO_ERROR=0
		WRONG_LENGTH=0
		WRONG_MAP=0
		WRONG_REDUCE=0
	File Input Format Counters 
		Bytes Read=779
	File Output Format Counters 
		Bytes Written=117
