myHadoop: Setting MH_IPOIB_TRANSFORM='s/\([^.]*\).*$/\1.ibnet/' from myhadoop.conf
myHadoop: Setting MH_SCRATCH_DIR=/scratch/$USER/$SLURM_JOBID from myhadoop.conf
myHadoop: Using HADOOP_HOME=/opt/hadoop/2.6.0
myHadoop: Using MH_SCRATCH_DIR=/scratch/ssatone/21638228
myHadoop: Using JAVA_HOME=/usr/java/latest
myHadoop: Generating Hadoop configuration in directory in /home/ssatone/cometcluster...
myHadoop: Backing up old config dir to /home/ssatone/cometcluster.0...
`/home/ssatone/cometcluster' -> `/home/ssatone/cometcluster.0'
myHadoop: Designating comet-03-08.ibnet as master node (namenode, secondary namenode, and jobtracker)
myHadoop: The following nodes will be slaves (datanode, tasktracer):
comet-03-08.ibnet
comet-03-49.ibnet
comet-03-62.ibnet
19/02/24 00:59:47 INFO namenode.NameNode: STARTUP_MSG: 
/************************************************************
STARTUP_MSG: Starting NameNode
STARTUP_MSG:   host = comet-03-08.sdsc.edu/198.202.118.52
STARTUP_MSG:   args = [-format]
STARTUP_MSG:   version = 2.6.0
STARTUP_MSG:   classpath = /home/ssatone/cometcluster:/opt/hadoop/2.6.0/share/hadoop/common/lib/slf4j-api-1.7.5.jar:/opt/hadoop/2.6.0/share/hadoop/common/lib/xmlenc-0.52.jar:/opt/hadoop/2.6.0/share/hadoop/common/lib/commons-lang-2.6.jar:/opt/hadoop/2.6.0/share/hadoop/common/lib/httpclient-4.2.5.jar:/opt/hadoop/2.6.0/share/hadoop/common/lib/api-asn1-api-1.0.0-M20.jar:/opt/hadoop/2.6.0/share/hadoop/common/lib/curator-recipes-2.6.0.jar:/opt/hadoop/2.6.0/share/hadoop/common/lib/log4j-1.2.17.jar:/opt/hadoop/2.6.0/share/hadoop/common/lib/stax-api-1.0-2.jar:/opt/hadoop/2.6.0/share/hadoop/common/lib/commons-io-2.4.jar:/opt/hadoop/2.6.0/share/hadoop/common/lib/hadoop-auth-2.6.0.jar:/opt/hadoop/2.6.0/share/hadoop/common/lib/apacheds-i18n-2.0.0-M15.jar:/opt/hadoop/2.6.0/share/hadoop/common/lib/commons-codec-1.4.jar:/opt/hadoop/2.6.0/share/hadoop/common/lib/jasper-runtime-5.5.23.jar:/opt/hadoop/2.6.0/share/hadoop/common/lib/commons-el-1.0.jar:/opt/hadoop/2.6.0/share/hadoop/common/lib/jersey-core-1.9.jar:/opt/hadoop/2.6.0/share/hadoop/common/lib/jersey-json-1.9.jar:/opt/hadoop/2.6.0/share/hadoop/common/lib/jetty-6.1.26.jar:/opt/hadoop/2.6.0/share/hadoop/common/lib/jsp-api-2.1.jar:/opt/hadoop/2.6.0/share/hadoop/common/lib/commons-math3-3.1.1.jar:/opt/hadoop/2.6.0/share/hadoop/common/lib/jsch-0.1.42.jar:/opt/hadoop/2.6.0/share/hadoop/common/lib/jaxb-api-2.2.2.jar:/opt/hadoop/2.6.0/share/hadoop/common/lib/mockito-all-1.8.5.jar:/opt/hadoop/2.6.0/share/hadoop/common/lib/jetty-util-6.1.26.jar:/opt/hadoop/2.6.0/share/hadoop/common/lib/snappy-java-1.0.4.1.jar:/opt/hadoop/2.6.0/share/hadoop/common/lib/hamcrest-core-1.3.jar:/opt/hadoop/2.6.0/share/hadoop/common/lib/guava-11.0.2.jar:/opt/hadoop/2.6.0/share/hadoop/common/lib/commons-beanutils-core-1.8.0.jar:/opt/hadoop/2.6.0/share/hadoop/common/lib/jackson-mapper-asl-1.9.13.jar:/opt/hadoop/2.6.0/share/hadoop/common/lib/jackson-core-asl-1.9.13.jar:/opt/hadoop/2.6.0/share/hadoop/common/lib/commons-cli-1.2.jar:/opt/hadoop/2.6.0/share/hadoop/common/lib/commons-logging-1.1.3.jar:/opt/hadoop/2.6.0/share/hadoop/common/lib/servlet-api-2.5.jar:/opt/hadoop/2.6.0/share/hadoop/common/lib/asm-3.2.jar:/opt/hadoop/2.6.0/share/hadoop/common/lib/xz-1.0.jar:/opt/hadoop/2.6.0/share/hadoop/common/lib/jackson-jaxrs-1.9.13.jar:/opt/hadoop/2.6.0/share/hadoop/common/lib/java-xmlbuilder-0.4.jar:/opt/hadoop/2.6.0/share/hadoop/common/lib/httpcore-4.2.5.jar:/opt/hadoop/2.6.0/share/hadoop/common/lib/hadoop-annotations-2.6.0.jar:/opt/hadoop/2.6.0/share/hadoop/common/lib/paranamer-2.3.jar:/opt/hadoop/2.6.0/share/hadoop/common/lib/jasper-compiler-5.5.23.jar:/opt/hadoop/2.6.0/share/hadoop/common/lib/apacheds-kerberos-codec-2.0.0-M15.jar:/opt/hadoop/2.6.0/share/hadoop/common/lib/activation-1.1.jar:/opt/hadoop/2.6.0/share/hadoop/common/lib/slf4j-log4j12-1.7.5.jar:/opt/hadoop/2.6.0/share/hadoop/common/lib/netty-3.6.2.Final.jar:/opt/hadoop/2.6.0/share/hadoop/common/lib/curator-framework-2.6.0.jar:/opt/hadoop/2.6.0/share/hadoop/common/lib/commons-digester-1.8.jar:/opt/hadoop/2.6.0/share/hadoop/common/lib/jackson-xc-1.9.13.jar:/opt/hadoop/2.6.0/share/hadoop/common/lib/commons-httpclient-3.1.jar:/opt/hadoop/2.6.0/share/hadoop/common/lib/commons-collections-3.2.1.jar:/opt/hadoop/2.6.0/share/hadoop/common/lib/jets3t-0.9.0.jar:/opt/hadoop/2.6.0/share/hadoop/common/lib/zookeeper-3.4.6.jar:/opt/hadoop/2.6.0/share/hadoop/common/lib/jaxb-impl-2.2.3-1.jar:/opt/hadoop/2.6.0/share/hadoop/common/lib/protobuf-java-2.5.0.jar:/opt/hadoop/2.6.0/share/hadoop/common/lib/commons-beanutils-1.7.0.jar:/opt/hadoop/2.6.0/share/hadoop/common/lib/curator-client-2.6.0.jar:/opt/hadoop/2.6.0/share/hadoop/common/lib/commons-configuration-1.6.jar:/opt/hadoop/2.6.0/share/hadoop/common/lib/junit-4.11.jar:/opt/hadoop/2.6.0/share/hadoop/common/lib/htrace-core-3.0.4.jar:/opt/hadoop/2.6.0/share/hadoop/common/lib/jettison-1.1.jar:/opt/hadoop/2.6.0/share/hadoop/common/lib/jersey-server-1.9.jar:/opt/hadoop/2.6.0/share/hadoop/common/lib/avro-1.7.4.jar:/opt/hadoop/2.6.0/share/hadoop/common/lib/jsr305-1.3.9.jar:/opt/hadoop/2.6.0/share/hadoop/common/lib/commons-compress-1.4.1.jar:/opt/hadoop/2.6.0/share/hadoop/common/lib/api-util-1.0.0-M20.jar:/opt/hadoop/2.6.0/share/hadoop/common/lib/commons-net-3.1.jar:/opt/hadoop/2.6.0/share/hadoop/common/lib/gson-2.2.4.jar:/opt/hadoop/2.6.0/share/hadoop/common/hadoop-nfs-2.6.0.jar:/opt/hadoop/2.6.0/share/hadoop/common/hadoop-common-2.6.0.jar:/opt/hadoop/2.6.0/share/hadoop/common/hadoop-common-2.6.0-tests.jar:/opt/hadoop/2.6.0/share/hadoop/hdfs:/opt/hadoop/2.6.0/share/hadoop/hdfs/lib/xercesImpl-2.9.1.jar:/opt/hadoop/2.6.0/share/hadoop/hdfs/lib/xmlenc-0.52.jar:/opt/hadoop/2.6.0/share/hadoop/hdfs/lib/commons-lang-2.6.jar:/opt/hadoop/2.6.0/share/hadoop/hdfs/lib/log4j-1.2.17.jar:/opt/hadoop/2.6.0/share/hadoop/hdfs/lib/commons-io-2.4.jar:/opt/hadoop/2.6.0/share/hadoop/hdfs/lib/commons-codec-1.4.jar:/opt/hadoop/2.6.0/share/hadoop/hdfs/lib/jasper-runtime-5.5.23.jar:/opt/hadoop/2.6.0/share/hadoop/hdfs/lib/commons-el-1.0.jar:/opt/hadoop/2.6.0/share/hadoop/hdfs/lib/jersey-core-1.9.jar:/opt/hadoop/2.6.0/share/hadoop/hdfs/lib/jetty-6.1.26.jar:/opt/hadoop/2.6.0/share/hadoop/hdfs/lib/jsp-api-2.1.jar:/opt/hadoop/2.6.0/share/hadoop/hdfs/lib/jetty-util-6.1.26.jar:/opt/hadoop/2.6.0/share/hadoop/hdfs/lib/guava-11.0.2.jar:/opt/hadoop/2.6.0/share/hadoop/hdfs/lib/jackson-mapper-asl-1.9.13.jar:/opt/hadoop/2.6.0/share/hadoop/hdfs/lib/jackson-core-asl-1.9.13.jar:/opt/hadoop/2.6.0/share/hadoop/hdfs/lib/commons-cli-1.2.jar:/opt/hadoop/2.6.0/share/hadoop/hdfs/lib/commons-logging-1.1.3.jar:/opt/hadoop/2.6.0/share/hadoop/hdfs/lib/servlet-api-2.5.jar:/opt/hadoop/2.6.0/share/hadoop/hdfs/lib/asm-3.2.jar:/opt/hadoop/2.6.0/share/hadoop/hdfs/lib/netty-3.6.2.Final.jar:/opt/hadoop/2.6.0/share/hadoop/hdfs/lib/protobuf-java-2.5.0.jar:/opt/hadoop/2.6.0/share/hadoop/hdfs/lib/htrace-core-3.0.4.jar:/opt/hadoop/2.6.0/share/hadoop/hdfs/lib/jersey-server-1.9.jar:/opt/hadoop/2.6.0/share/hadoop/hdfs/lib/commons-daemon-1.0.13.jar:/opt/hadoop/2.6.0/share/hadoop/hdfs/lib/jsr305-1.3.9.jar:/opt/hadoop/2.6.0/share/hadoop/hdfs/lib/xml-apis-1.3.04.jar:/opt/hadoop/2.6.0/share/hadoop/hdfs/hadoop-hdfs-2.6.0.jar:/opt/hadoop/2.6.0/share/hadoop/hdfs/hadoop-hdfs-2.6.0-tests.jar:/opt/hadoop/2.6.0/share/hadoop/hdfs/hadoop-hdfs-nfs-2.6.0.jar:/opt/hadoop/2.6.0/share/hadoop/yarn/lib/jline-0.9.94.jar:/opt/hadoop/2.6.0/share/hadoop/yarn/lib/guice-servlet-3.0.jar:/opt/hadoop/2.6.0/share/hadoop/yarn/lib/commons-lang-2.6.jar:/opt/hadoop/2.6.0/share/hadoop/yarn/lib/javax.inject-1.jar:/opt/hadoop/2.6.0/share/hadoop/yarn/lib/log4j-1.2.17.jar:/opt/hadoop/2.6.0/share/hadoop/yarn/lib/stax-api-1.0-2.jar:/opt/hadoop/2.6.0/share/hadoop/yarn/lib/commons-io-2.4.jar:/opt/hadoop/2.6.0/share/hadoop/yarn/lib/commons-codec-1.4.jar:/opt/hadoop/2.6.0/share/hadoop/yarn/lib/jersey-core-1.9.jar:/opt/hadoop/2.6.0/share/hadoop/yarn/lib/jersey-json-1.9.jar:/opt/hadoop/2.6.0/share/hadoop/yarn/lib/jetty-6.1.26.jar:/opt/hadoop/2.6.0/share/hadoop/yarn/lib/jersey-client-1.9.jar:/opt/hadoop/2.6.0/share/hadoop/yarn/lib/jaxb-api-2.2.2.jar:/opt/hadoop/2.6.0/share/hadoop/yarn/lib/guice-3.0.jar:/opt/hadoop/2.6.0/share/hadoop/yarn/lib/jetty-util-6.1.26.jar:/opt/hadoop/2.6.0/share/hadoop/yarn/lib/guava-11.0.2.jar:/opt/hadoop/2.6.0/share/hadoop/yarn/lib/jackson-mapper-asl-1.9.13.jar:/opt/hadoop/2.6.0/share/hadoop/yarn/lib/jackson-core-asl-1.9.13.jar:/opt/hadoop/2.6.0/share/hadoop/yarn/lib/commons-cli-1.2.jar:/opt/hadoop/2.6.0/share/hadoop/yarn/lib/commons-logging-1.1.3.jar:/opt/hadoop/2.6.0/share/hadoop/yarn/lib/servlet-api-2.5.jar:/opt/hadoop/2.6.0/share/hadoop/yarn/lib/asm-3.2.jar:/opt/hadoop/2.6.0/share/hadoop/yarn/lib/xz-1.0.jar:/opt/hadoop/2.6.0/share/hadoop/yarn/lib/jackson-jaxrs-1.9.13.jar:/opt/hadoop/2.6.0/share/hadoop/yarn/lib/activation-1.1.jar:/opt/hadoop/2.6.0/share/hadoop/yarn/lib/netty-3.6.2.Final.jar:/opt/hadoop/2.6.0/share/hadoop/yarn/lib/aopalliance-1.0.jar:/opt/hadoop/2.6.0/share/hadoop/yarn/lib/jackson-xc-1.9.13.jar:/opt/hadoop/2.6.0/share/hadoop/yarn/lib/commons-httpclient-3.1.jar:/opt/hadoop/2.6.0/share/hadoop/yarn/lib/commons-collections-3.2.1.jar:/opt/hadoop/2.6.0/share/hadoop/yarn/lib/zookeeper-3.4.6.jar:/opt/hadoop/2.6.0/share/hadoop/yarn/lib/jaxb-impl-2.2.3-1.jar:/opt/hadoop/2.6.0/share/hadoop/yarn/lib/protobuf-java-2.5.0.jar:/opt/hadoop/2.6.0/share/hadoop/yarn/lib/jettison-1.1.jar:/opt/hadoop/2.6.0/share/hadoop/yarn/lib/leveldbjni-all-1.8.jar:/opt/hadoop/2.6.0/share/hadoop/yarn/lib/jersey-server-1.9.jar:/opt/hadoop/2.6.0/share/hadoop/yarn/lib/jsr305-1.3.9.jar:/opt/hadoop/2.6.0/share/hadoop/yarn/lib/commons-compress-1.4.1.jar:/opt/hadoop/2.6.0/share/hadoop/yarn/lib/jersey-guice-1.9.jar:/opt/hadoop/2.6.0/share/hadoop/yarn/hadoop-yarn-server-common-2.6.0.jar:/opt/hadoop/2.6.0/share/hadoop/yarn/hadoop-yarn-client-2.6.0.jar:/opt/hadoop/2.6.0/share/hadoop/yarn/hadoop-yarn-applications-distributedshell-2.6.0.jar:/opt/hadoop/2.6.0/share/hadoop/yarn/hadoop-yarn-server-nodemanager-2.6.0.jar:/opt/hadoop/2.6.0/share/hadoop/yarn/hadoop-yarn-server-applicationhistoryservice-2.6.0.jar:/opt/hadoop/2.6.0/share/hadoop/yarn/hadoop-yarn-registry-2.6.0.jar:/opt/hadoop/2.6.0/share/hadoop/yarn/hadoop-yarn-server-web-proxy-2.6.0.jar:/opt/hadoop/2.6.0/share/hadoop/yarn/hadoop-yarn-server-tests-2.6.0.jar:/opt/hadoop/2.6.0/share/hadoop/yarn/hadoop-yarn-applications-unmanaged-am-launcher-2.6.0.jar:/opt/hadoop/2.6.0/share/hadoop/yarn/hadoop-yarn-server-resourcemanager-2.6.0.jar:/opt/hadoop/2.6.0/share/hadoop/yarn/hadoop-yarn-common-2.6.0.jar:/opt/hadoop/2.6.0/share/hadoop/yarn/hadoop-yarn-api-2.6.0.jar:/opt/hadoop/2.6.0/share/hadoop/mapreduce/lib/guice-servlet-3.0.jar:/opt/hadoop/2.6.0/share/hadoop/mapreduce/lib/javax.inject-1.jar:/opt/hadoop/2.6.0/share/hadoop/mapreduce/lib/log4j-1.2.17.jar:/opt/hadoop/2.6.0/share/hadoop/mapreduce/lib/commons-io-2.4.jar:/opt/hadoop/2.6.0/share/hadoop/mapreduce/lib/jersey-core-1.9.jar:/opt/hadoop/2.6.0/share/hadoop/mapreduce/lib/guice-3.0.jar:/opt/hadoop/2.6.0/share/hadoop/mapreduce/lib/snappy-java-1.0.4.1.jar:/opt/hadoop/2.6.0/share/hadoop/mapreduce/lib/hamcrest-core-1.3.jar:/opt/hadoop/2.6.0/share/hadoop/mapreduce/lib/jackson-mapper-asl-1.9.13.jar:/opt/hadoop/2.6.0/share/hadoop/mapreduce/lib/jackson-core-asl-1.9.13.jar:/opt/hadoop/2.6.0/share/hadoop/mapreduce/lib/asm-3.2.jar:/opt/hadoop/2.6.0/share/hadoop/mapreduce/lib/xz-1.0.jar:/opt/hadoop/2.6.0/share/hadoop/mapreduce/lib/hadoop-annotations-2.6.0.jar:/opt/hadoop/2.6.0/share/hadoop/mapreduce/lib/paranamer-2.3.jar:/opt/hadoop/2.6.0/share/hadoop/mapreduce/lib/netty-3.6.2.Final.jar:/opt/hadoop/2.6.0/share/hadoop/mapreduce/lib/aopalliance-1.0.jar:/opt/hadoop/2.6.0/share/hadoop/mapreduce/lib/protobuf-java-2.5.0.jar:/opt/hadoop/2.6.0/share/hadoop/mapreduce/lib/junit-4.11.jar:/opt/hadoop/2.6.0/share/hadoop/mapreduce/lib/leveldbjni-all-1.8.jar:/opt/hadoop/2.6.0/share/hadoop/mapreduce/lib/jersey-server-1.9.jar:/opt/hadoop/2.6.0/share/hadoop/mapreduce/lib/avro-1.7.4.jar:/opt/hadoop/2.6.0/share/hadoop/mapreduce/lib/commons-compress-1.4.1.jar:/opt/hadoop/2.6.0/share/hadoop/mapreduce/lib/jersey-guice-1.9.jar:/opt/hadoop/2.6.0/share/hadoop/mapreduce/hadoop-mapreduce-client-jobclient-2.6.0.jar:/opt/hadoop/2.6.0/share/hadoop/mapreduce/hadoop-mapreduce-client-core-2.6.0.jar:/opt/hadoop/2.6.0/share/hadoop/mapreduce/hadoop-mapreduce-client-app-2.6.0.jar:/opt/hadoop/2.6.0/share/hadoop/mapreduce/hadoop-mapreduce-client-hs-plugins-2.6.0.jar:/opt/hadoop/2.6.0/share/hadoop/mapreduce/hadoop-mapreduce-client-shuffle-2.6.0.jar:/opt/hadoop/2.6.0/share/hadoop/mapreduce/hadoop-mapreduce-client-hs-2.6.0.jar:/opt/hadoop/2.6.0/share/hadoop/mapreduce/hadoop-mapreduce-client-jobclient-2.6.0-tests.jar:/opt/hadoop/2.6.0/share/hadoop/mapreduce/hadoop-mapreduce-examples-2.6.0.jar:/opt/hadoop/2.6.0/share/hadoop/mapreduce/hadoop-mapreduce-client-common-2.6.0.jar:/opt/hadoop/2.6.0/contrib/capacity-scheduler/*.jar
STARTUP_MSG:   build = https://git-wip-us.apache.org/repos/asf/hadoop.git -r e3496499ecb8d220fba99dc5ed4c99c8f9e33bb1; compiled by 'jenkins' on 2014-11-13T21:10Z
STARTUP_MSG:   java = 1.8.0_60
************************************************************/
19/02/24 00:59:47 INFO namenode.NameNode: registered UNIX signal handlers for [TERM, HUP, INT]
19/02/24 00:59:47 INFO namenode.NameNode: createNameNode [-format]
19/02/24 00:59:47 WARN util.NativeCodeLoader: Unable to load native-hadoop library for your platform... using builtin-java classes where applicable
19/02/24 00:59:47 WARN common.Util: Path /scratch/ssatone/21638228/namenode_data should be specified as a URI in configuration files. Please update hdfs configuration.
19/02/24 00:59:47 WARN common.Util: Path /scratch/ssatone/21638228/namenode_data should be specified as a URI in configuration files. Please update hdfs configuration.
Formatting using clusterid: CID-307df6fd-15b9-49ae-b9de-c1960b87fa36
19/02/24 00:59:47 INFO namenode.FSNamesystem: No KeyProvider found.
19/02/24 00:59:47 INFO namenode.FSNamesystem: fsLock is fair:true
19/02/24 00:59:47 INFO blockmanagement.DatanodeManager: dfs.block.invalidate.limit=1000
19/02/24 00:59:47 INFO blockmanagement.DatanodeManager: dfs.namenode.datanode.registration.ip-hostname-check=true
19/02/24 00:59:47 INFO blockmanagement.BlockManager: dfs.namenode.startup.delay.block.deletion.sec is set to 000:00:00:00.000
19/02/24 00:59:47 INFO blockmanagement.BlockManager: The block deletion will start around 2019 Feb 24 00:59:47
19/02/24 00:59:47 INFO util.GSet: Computing capacity for map BlocksMap
19/02/24 00:59:47 INFO util.GSet: VM type       = 64-bit
19/02/24 00:59:47 INFO util.GSet: 2.0% max memory 958.5 MB = 19.2 MB
19/02/24 00:59:47 INFO util.GSet: capacity      = 2^21 = 2097152 entries
19/02/24 00:59:47 INFO blockmanagement.BlockManager: dfs.block.access.token.enable=false
19/02/24 00:59:47 INFO blockmanagement.BlockManager: defaultReplication         = 3
19/02/24 00:59:47 INFO blockmanagement.BlockManager: maxReplication             = 512
19/02/24 00:59:47 INFO blockmanagement.BlockManager: minReplication             = 1
19/02/24 00:59:47 INFO blockmanagement.BlockManager: maxReplicationStreams      = 2
19/02/24 00:59:47 INFO blockmanagement.BlockManager: shouldCheckForEnoughRacks  = false
19/02/24 00:59:47 INFO blockmanagement.BlockManager: replicationRecheckInterval = 3000
19/02/24 00:59:47 INFO blockmanagement.BlockManager: encryptDataTransfer        = false
19/02/24 00:59:47 INFO blockmanagement.BlockManager: maxNumBlocksToLog          = 1000
19/02/24 00:59:47 INFO namenode.FSNamesystem: fsOwner             = ssatone (auth:SIMPLE)
19/02/24 00:59:47 INFO namenode.FSNamesystem: supergroup          = supergroup
19/02/24 00:59:47 INFO namenode.FSNamesystem: isPermissionEnabled = true
19/02/24 00:59:47 INFO namenode.FSNamesystem: HA Enabled: false
19/02/24 00:59:47 INFO namenode.FSNamesystem: Append Enabled: true
19/02/24 00:59:48 INFO util.GSet: Computing capacity for map INodeMap
19/02/24 00:59:48 INFO util.GSet: VM type       = 64-bit
19/02/24 00:59:48 INFO util.GSet: 1.0% max memory 958.5 MB = 9.6 MB
19/02/24 00:59:48 INFO util.GSet: capacity      = 2^20 = 1048576 entries
19/02/24 00:59:48 INFO namenode.NameNode: Caching file names occuring more than 10 times
19/02/24 00:59:48 INFO util.GSet: Computing capacity for map cachedBlocks
19/02/24 00:59:48 INFO util.GSet: VM type       = 64-bit
19/02/24 00:59:48 INFO util.GSet: 0.25% max memory 958.5 MB = 2.4 MB
19/02/24 00:59:48 INFO util.GSet: capacity      = 2^18 = 262144 entries
19/02/24 00:59:48 INFO namenode.FSNamesystem: dfs.namenode.safemode.threshold-pct = 0.9990000128746033
19/02/24 00:59:48 INFO namenode.FSNamesystem: dfs.namenode.safemode.min.datanodes = 0
19/02/24 00:59:48 INFO namenode.FSNamesystem: dfs.namenode.safemode.extension     = 30000
19/02/24 00:59:48 INFO namenode.FSNamesystem: Retry cache on namenode is enabled
19/02/24 00:59:48 INFO namenode.FSNamesystem: Retry cache will use 0.03 of total heap and retry cache entry expiry time is 600000 millis
19/02/24 00:59:48 INFO util.GSet: Computing capacity for map NameNodeRetryCache
19/02/24 00:59:48 INFO util.GSet: VM type       = 64-bit
19/02/24 00:59:48 INFO util.GSet: 0.029999999329447746% max memory 958.5 MB = 294.5 KB
19/02/24 00:59:48 INFO util.GSet: capacity      = 2^15 = 32768 entries
19/02/24 00:59:48 INFO namenode.NNConf: ACLs enabled? false
19/02/24 00:59:48 INFO namenode.NNConf: XAttrs enabled? true
19/02/24 00:59:48 INFO namenode.NNConf: Maximum size of an xattr: 16384
19/02/24 00:59:48 INFO namenode.FSImage: Allocated new BlockPoolId: BP-461584101-198.202.118.52-1550998788137
19/02/24 00:59:48 INFO common.Storage: Storage directory /scratch/ssatone/21638228/namenode_data has been successfully formatted.
19/02/24 00:59:48 INFO namenode.NNStorageRetentionManager: Going to retain 1 images with txid >= 0
19/02/24 00:59:48 INFO util.ExitUtil: Exiting with status 0
19/02/24 00:59:48 INFO namenode.NameNode: SHUTDOWN_MSG: 
/************************************************************
SHUTDOWN_MSG: Shutting down NameNode at comet-03-08.sdsc.edu/198.202.118.52
************************************************************/
19/02/24 00:59:48 WARN util.NativeCodeLoader: Unable to load native-hadoop library for your platform... using builtin-java classes where applicable
Starting namenodes on [comet-03-08.ibnet]
comet-03-08.ibnet: Warning: untrusted X11 forwarding setup failed: xauth key data not generated
comet-03-08.ibnet: Warning: No xauth data; using fake authentication data for X11 forwarding.
comet-03-08.ibnet: starting namenode, logging to /scratch/ssatone/21638228/logs/hadoop-ssatone-namenode-comet-03-08.sdsc.edu.out
comet-03-62.ibnet: Warning: untrusted X11 forwarding setup failed: xauth key data not generated
comet-03-62.ibnet: Warning: No xauth data; using fake authentication data for X11 forwarding.
comet-03-62.ibnet: starting datanode, logging to /scratch/ssatone/21638228/logs/hadoop-ssatone-datanode-comet-03-62.sdsc.edu.out
comet-03-08.ibnet: Warning: untrusted X11 forwarding setup failed: xauth key data not generated
comet-03-08.ibnet: Warning: No xauth data; using fake authentication data for X11 forwarding.
comet-03-08.ibnet: starting datanode, logging to /scratch/ssatone/21638228/logs/hadoop-ssatone-datanode-comet-03-08.sdsc.edu.out
comet-03-49.ibnet: Warning: untrusted X11 forwarding setup failed: xauth key data not generated
comet-03-49.ibnet: Warning: No xauth data; using fake authentication data for X11 forwarding.
comet-03-49.ibnet: starting datanode, logging to /scratch/ssatone/21638228/logs/hadoop-ssatone-datanode-comet-03-49.sdsc.edu.out
Starting secondary namenodes [comet-03-08.ibnet]
comet-03-08.ibnet: Warning: untrusted X11 forwarding setup failed: xauth key data not generated
comet-03-08.ibnet: Warning: No xauth data; using fake authentication data for X11 forwarding.
comet-03-08.ibnet: starting secondarynamenode, logging to /scratch/ssatone/21638228/logs/hadoop-ssatone-secondarynamenode-comet-03-08.sdsc.edu.out
19/02/24 01:00:04 WARN util.NativeCodeLoader: Unable to load native-hadoop library for your platform... using builtin-java classes where applicable
starting yarn daemons
starting resourcemanager, logging to /scratch/ssatone/21638228/logs/yarn-ssatone-resourcemanager-comet-03-08.out
comet-03-62.ibnet: Warning: untrusted X11 forwarding setup failed: xauth key data not generated
comet-03-62.ibnet: Warning: No xauth data; using fake authentication data for X11 forwarding.
comet-03-62.ibnet: starting nodemanager, logging to /scratch/ssatone/21638228/logs/yarn-ssatone-nodemanager-comet-03-62.sdsc.edu.out
comet-03-49.ibnet: Warning: untrusted X11 forwarding setup failed: xauth key data not generated
comet-03-49.ibnet: Warning: No xauth data; using fake authentication data for X11 forwarding.
comet-03-49.ibnet: /usr/bin/xauth:  error in locking authority file /home/ssatone/.Xauthority
comet-03-49.ibnet: starting nodemanager, logging to /scratch/ssatone/21638228/logs/yarn-ssatone-nodemanager-comet-03-49.sdsc.edu.out
comet-03-08.ibnet: Warning: untrusted X11 forwarding setup failed: xauth key data not generated
comet-03-08.ibnet: Warning: No xauth data; using fake authentication data for X11 forwarding.
comet-03-08.ibnet: starting nodemanager, logging to /scratch/ssatone/21638228/logs/yarn-ssatone-nodemanager-comet-03-08.sdsc.edu.out
19/02/24 01:00:08 WARN util.NativeCodeLoader: Unable to load native-hadoop library for your platform... using builtin-java classes where applicable
19/02/24 01:00:09 WARN util.NativeCodeLoader: Unable to load native-hadoop library for your platform... using builtin-java classes where applicable
19/02/24 01:00:11 WARN util.NativeCodeLoader: Unable to load native-hadoop library for your platform... using builtin-java classes where applicable
19/02/24 01:00:12 WARN util.NativeCodeLoader: Unable to load native-hadoop library for your platform... using builtin-java classes where applicable
19/02/24 01:00:12 INFO client.RMProxy: Connecting to ResourceManager at comet-03-08.ibnet/10.22.255.103:8032
19/02/24 01:00:13 WARN mapreduce.JobSubmitter: Hadoop command-line option parsing not performed. Implement the Tool interface and execute your application with ToolRunner to remedy this.
19/02/24 01:00:13 INFO input.FileInputFormat: Total input paths to process : 1
19/02/24 01:00:13 INFO input.FileInputFormat: Total input paths to process : 1
19/02/24 01:00:13 INFO mapreduce.JobSubmitter: number of splits:2
19/02/24 01:00:13 INFO mapreduce.JobSubmitter: Submitting tokens for job: job_1550998805903_0001
19/02/24 01:00:13 INFO impl.YarnClientImpl: Submitted application application_1550998805903_0001
19/02/24 01:00:13 INFO mapreduce.Job: The url to track the job: http://comet-03-08.ibnet:8088/proxy/application_1550998805903_0001/
19/02/24 01:00:13 INFO mapreduce.Job: Running job: job_1550998805903_0001
19/02/24 01:00:18 INFO mapreduce.Job: Job job_1550998805903_0001 running in uber mode : false
19/02/24 01:00:18 INFO mapreduce.Job:  map 0% reduce 0%
19/02/24 01:00:23 INFO mapreduce.Job:  map 100% reduce 0%
19/02/24 01:00:28 INFO mapreduce.Job:  map 100% reduce 100%
19/02/24 01:00:28 INFO mapreduce.Job: Job job_1550998805903_0001 completed successfully
19/02/24 01:00:29 INFO mapreduce.Job: Counters: 49
	File System Counters
		FILE: Number of bytes read=248886
		FILE: Number of bytes written=816215
		FILE: Number of read operations=0
		FILE: Number of large read operations=0
		FILE: Number of write operations=0
		HDFS: Number of bytes read=250007
		HDFS: Number of bytes written=9018471
		HDFS: Number of read operations=9
		HDFS: Number of large read operations=0
		HDFS: Number of write operations=2
	Job Counters 
		Launched map tasks=2
		Launched reduce tasks=1
		Data-local map tasks=2
		Total time spent by all maps in occupied slots (ms)=5048
		Total time spent by all reduces in occupied slots (ms)=2270
		Total time spent by all map tasks (ms)=5048
		Total time spent by all reduce tasks (ms)=2270
		Total vcore-seconds taken by all map tasks=5048
		Total vcore-seconds taken by all reduce tasks=2270
		Total megabyte-seconds taken by all map tasks=5169152
		Total megabyte-seconds taken by all reduce tasks=2324480
	Map-Reduce Framework
		Map input records=12444
		Map output records=12444
		Map output bytes=223992
		Map output materialized bytes=248892
		Input split bytes=506
		Combine input records=0
		Combine output records=0
		Reduce input groups=100
		Reduce shuffle bytes=248892
		Reduce input records=12444
		Reduce output records=372076
		Spilled Records=24888
		Shuffled Maps =2
		Failed Shuffles=0
		Merged Map outputs=2
		GC time elapsed (ms)=208
		CPU time spent (ms)=8200
		Physical memory (bytes) snapshot=767598592
		Virtual memory (bytes) snapshot=6510604288
		Total committed heap usage (bytes)=551550976
	Shuffle Errors
		BAD_ID=0
		CONNECTION=0
		IO_ERROR=0
		WRONG_LENGTH=0
		WRONG_MAP=0
		WRONG_REDUCE=0
	File Input Format Counters 
		Bytes Read=0
	File Output Format Counters 
		Bytes Written=9018471
19/02/24 01:00:29 INFO client.RMProxy: Connecting to ResourceManager at comet-03-08.ibnet/10.22.255.103:8032
19/02/24 01:00:29 WARN mapreduce.JobSubmitter: Hadoop command-line option parsing not performed. Implement the Tool interface and execute your application with ToolRunner to remedy this.
19/02/24 01:00:29 INFO input.FileInputFormat: Total input paths to process : 1
19/02/24 01:00:29 INFO mapreduce.JobSubmitter: number of splits:1
19/02/24 01:00:29 INFO mapreduce.JobSubmitter: Submitting tokens for job: job_1550998805903_0002
19/02/24 01:00:29 INFO impl.YarnClientImpl: Submitted application application_1550998805903_0002
19/02/24 01:00:29 INFO mapreduce.Job: The url to track the job: http://comet-03-08.ibnet:8088/proxy/application_1550998805903_0002/
19/02/24 01:00:29 INFO mapreduce.Job: Running job: job_1550998805903_0002
19/02/24 01:00:34 INFO mapreduce.Job: Job job_1550998805903_0002 running in uber mode : false
19/02/24 01:00:34 INFO mapreduce.Job:  map 0% reduce 0%
19/02/24 01:00:42 INFO mapreduce.Job:  map 100% reduce 0%
19/02/24 01:00:46 INFO mapreduce.Job:  map 100% reduce 100%
19/02/24 01:00:47 INFO mapreduce.Job: Job job_1550998805903_0002 completed successfully
19/02/24 01:00:47 INFO mapreduce.Job: Counters: 49
	File System Counters
		FILE: Number of bytes read=6697374
		FILE: Number of bytes written=13606499
		FILE: Number of read operations=0
		FILE: Number of large read operations=0
		FILE: Number of write operations=0
		HDFS: Number of bytes read=9018605
		HDFS: Number of bytes written=1463712
		HDFS: Number of read operations=7
		HDFS: Number of large read operations=0
		HDFS: Number of write operations=2
	Job Counters 
		Launched map tasks=1
		Launched reduce tasks=1
		Data-local map tasks=1
		Total time spent by all maps in occupied slots (ms)=5719
		Total time spent by all reduces in occupied slots (ms)=2518
		Total time spent by all map tasks (ms)=5719
		Total time spent by all reduce tasks (ms)=2518
		Total vcore-seconds taken by all map tasks=5719
		Total vcore-seconds taken by all reduce tasks=2518
		Total megabyte-seconds taken by all map tasks=5856256
		Total megabyte-seconds taken by all reduce tasks=2578432
	Map-Reduce Framework
		Map input records=372076
		Map output records=372076
		Map output bytes=5953216
		Map output materialized bytes=6697374
		Input split bytes=134
		Combine input records=0
		Combine output records=0
		Reduce input groups=59889
		Reduce shuffle bytes=6697374
		Reduce input records=372076
		Reduce output records=59889
		Spilled Records=744152
		Shuffled Maps =1
		Failed Shuffles=0
		Merged Map outputs=1
		GC time elapsed (ms)=95
		CPU time spent (ms)=8490
		Physical memory (bytes) snapshot=492855296
		Virtual memory (bytes) snapshot=4349976576
		Total committed heap usage (bytes)=343408640
	Shuffle Errors
		BAD_ID=0
		CONNECTION=0
		IO_ERROR=0
		WRONG_LENGTH=0
		WRONG_MAP=0
		WRONG_REDUCE=0
	File Input Format Counters 
		Bytes Read=9018471
	File Output Format Counters 
		Bytes Written=1463712
19/02/24 01:00:47 WARN util.NativeCodeLoader: Unable to load native-hadoop library for your platform... using builtin-java classes where applicable
stopping yarn daemons
stopping resourcemanager
comet-03-62.ibnet: Warning: untrusted X11 forwarding setup failed: xauth key data not generated
comet-03-62.ibnet: Warning: No xauth data; using fake authentication data for X11 forwarding.
comet-03-62.ibnet: stopping nodemanager
comet-03-62.ibnet: nodemanager did not stop gracefully after 5 seconds: killing with kill -9
comet-03-49.ibnet: Warning: untrusted X11 forwarding setup failed: xauth key data not generated
comet-03-49.ibnet: Warning: No xauth data; using fake authentication data for X11 forwarding.
comet-03-49.ibnet: /usr/bin/xauth:  error in locking authority file /home/ssatone/.Xauthority
comet-03-49.ibnet: stopping nodemanager
comet-03-49.ibnet: nodemanager did not stop gracefully after 5 seconds: killing with kill -9
comet-03-08.ibnet: Warning: untrusted X11 forwarding setup failed: xauth key data not generated
comet-03-08.ibnet: Warning: No xauth data; using fake authentication data for X11 forwarding.
comet-03-08.ibnet: stopping nodemanager
no proxyserver to stop
19/02/24 01:00:59 WARN util.NativeCodeLoader: Unable to load native-hadoop library for your platform... using builtin-java classes where applicable
Stopping namenodes on [comet-03-08.ibnet]
comet-03-08.ibnet: Warning: untrusted X11 forwarding setup failed: xauth key data not generated
comet-03-08.ibnet: Warning: No xauth data; using fake authentication data for X11 forwarding.
comet-03-08.ibnet: stopping namenode
comet-03-62.ibnet: Warning: untrusted X11 forwarding setup failed: xauth key data not generated
comet-03-62.ibnet: Warning: No xauth data; using fake authentication data for X11 forwarding.
comet-03-62.ibnet: stopping datanode
comet-03-49.ibnet: Warning: untrusted X11 forwarding setup failed: xauth key data not generated
comet-03-49.ibnet: Warning: No xauth data; using fake authentication data for X11 forwarding.
comet-03-49.ibnet: /usr/bin/xauth:  error in locking authority file /home/ssatone/.Xauthority
comet-03-49.ibnet: stopping datanode
comet-03-08.ibnet: Warning: untrusted X11 forwarding setup failed: xauth key data not generated
comet-03-08.ibnet: Warning: No xauth data; using fake authentication data for X11 forwarding.
comet-03-08.ibnet: stopping datanode
Stopping secondary namenodes [comet-03-08.ibnet]
comet-03-08.ibnet: Warning: untrusted X11 forwarding setup failed: xauth key data not generated
comet-03-08.ibnet: Warning: No xauth data; using fake authentication data for X11 forwarding.
comet-03-08.ibnet: stopping secondarynamenode
19/02/24 01:01:18 WARN util.NativeCodeLoader: Unable to load native-hadoop library for your platform... using builtin-java classes where applicable
Copying Hadoop logs back to /home/ssatone/cometcluster/logs...
`/scratch/ssatone/21638228/logs' -> `/home/ssatone/cometcluster/logs'
`/scratch/ssatone/21638228/logs/userlogs' -> `/home/ssatone/cometcluster/logs/userlogs'
`/scratch/ssatone/21638228/logs/hadoop-ssatone-datanode-comet-03-08.sdsc.edu.out' -> `/home/ssatone/cometcluster/logs/hadoop-ssatone-datanode-comet-03-08.sdsc.edu.out'
`/scratch/ssatone/21638228/logs/hadoop-ssatone-secondarynamenode-comet-03-08.sdsc.edu.log' -> `/home/ssatone/cometcluster/logs/hadoop-ssatone-secondarynamenode-comet-03-08.sdsc.edu.log'
`/scratch/ssatone/21638228/logs/SecurityAuth-ssatone.audit' -> `/home/ssatone/cometcluster/logs/SecurityAuth-ssatone.audit'
`/scratch/ssatone/21638228/logs/hadoop-ssatone-namenode-comet-03-08.sdsc.edu.out' -> `/home/ssatone/cometcluster/logs/hadoop-ssatone-namenode-comet-03-08.sdsc.edu.out'
`/scratch/ssatone/21638228/logs/yarn-ssatone-resourcemanager-comet-03-08.out' -> `/home/ssatone/cometcluster/logs/yarn-ssatone-resourcemanager-comet-03-08.out'
`/scratch/ssatone/21638228/logs/yarn-ssatone-nodemanager-comet-03-08.sdsc.edu.out' -> `/home/ssatone/cometcluster/logs/yarn-ssatone-nodemanager-comet-03-08.sdsc.edu.out'
`/scratch/ssatone/21638228/logs/hadoop-ssatone-namenode-comet-03-08.sdsc.edu.log' -> `/home/ssatone/cometcluster/logs/hadoop-ssatone-namenode-comet-03-08.sdsc.edu.log'
`/scratch/ssatone/21638228/logs/yarn-ssatone-resourcemanager-comet-03-08.log' -> `/home/ssatone/cometcluster/logs/yarn-ssatone-resourcemanager-comet-03-08.log'
`/scratch/ssatone/21638228/logs/yarn-ssatone-nodemanager-comet-03-08.sdsc.edu.log' -> `/home/ssatone/cometcluster/logs/yarn-ssatone-nodemanager-comet-03-08.sdsc.edu.log'
`/scratch/ssatone/21638228/logs/hadoop-ssatone-datanode-comet-03-08.sdsc.edu.log' -> `/home/ssatone/cometcluster/logs/hadoop-ssatone-datanode-comet-03-08.sdsc.edu.log'
`/scratch/ssatone/21638228/logs/hadoop-ssatone-secondarynamenode-comet-03-08.sdsc.edu.out' -> `/home/ssatone/cometcluster/logs/hadoop-ssatone-secondarynamenode-comet-03-08.sdsc.edu.out'
Warning: untrusted X11 forwarding setup failed: xauth key data not generated
Warning: No xauth data; using fake authentication data for X11 forwarding.
removed directory: `/scratch/ssatone/21638228/mapred_scratch/filecache'
removed directory: `/scratch/ssatone/21638228/mapred_scratch/usercache'
removed directory: `/scratch/ssatone/21638228/mapred_scratch/nmPrivate'
removed directory: `/scratch/ssatone/21638228/mapred_scratch'
removed directory: `/scratch/ssatone/21638228/tmp/dfs/namesecondary'
removed directory: `/scratch/ssatone/21638228/tmp/dfs'
removed directory: `/scratch/ssatone/21638228/tmp'
removed `/scratch/ssatone/21638228/namenode_data/current/VERSION'
removed `/scratch/ssatone/21638228/namenode_data/current/edits_inprogress_0000000000000000001'
removed `/scratch/ssatone/21638228/namenode_data/current/fsimage_0000000000000000000.md5'
removed `/scratch/ssatone/21638228/namenode_data/current/fsimage_0000000000000000000'
removed `/scratch/ssatone/21638228/namenode_data/current/seen_txid'
removed directory: `/scratch/ssatone/21638228/namenode_data/current'
removed directory: `/scratch/ssatone/21638228/namenode_data'
removed `/scratch/ssatone/21638228/hdfs_data/current/BP-461584101-198.202.118.52-1550998788137/dncp_block_verification.log.curr'
removed directory: `/scratch/ssatone/21638228/hdfs_data/current/BP-461584101-198.202.118.52-1550998788137/tmp'
removed `/scratch/ssatone/21638228/hdfs_data/current/BP-461584101-198.202.118.52-1550998788137/dncp_block_verification.log.prev'
removed `/scratch/ssatone/21638228/hdfs_data/current/BP-461584101-198.202.118.52-1550998788137/current/VERSION'
removed `/scratch/ssatone/21638228/hdfs_data/current/BP-461584101-198.202.118.52-1550998788137/current/dfsUsed'
removed directory: `/scratch/ssatone/21638228/hdfs_data/current/BP-461584101-198.202.118.52-1550998788137/current/rbw'
removed `/scratch/ssatone/21638228/hdfs_data/current/BP-461584101-198.202.118.52-1550998788137/current/finalized/subdir0/subdir0/blk_1073741845_1021.meta'
removed `/scratch/ssatone/21638228/hdfs_data/current/BP-461584101-198.202.118.52-1550998788137/current/finalized/subdir0/subdir0/blk_1073741826_1002.meta'
removed `/scratch/ssatone/21638228/hdfs_data/current/BP-461584101-198.202.118.52-1550998788137/current/finalized/subdir0/subdir0/blk_1073741834_1010.meta'
removed `/scratch/ssatone/21638228/hdfs_data/current/BP-461584101-198.202.118.52-1550998788137/current/finalized/subdir0/subdir0/blk_1073741834'
removed `/scratch/ssatone/21638228/hdfs_data/current/BP-461584101-198.202.118.52-1550998788137/current/finalized/subdir0/subdir0/blk_1073741843'
removed `/scratch/ssatone/21638228/hdfs_data/current/BP-461584101-198.202.118.52-1550998788137/current/finalized/subdir0/subdir0/blk_1073741835_1011.meta'
removed `/scratch/ssatone/21638228/hdfs_data/current/BP-461584101-198.202.118.52-1550998788137/current/finalized/subdir0/subdir0/blk_1073741833_1009.meta'
removed `/scratch/ssatone/21638228/hdfs_data/current/BP-461584101-198.202.118.52-1550998788137/current/finalized/subdir0/subdir0/blk_1073741844_1020.meta'
removed `/scratch/ssatone/21638228/hdfs_data/current/BP-461584101-198.202.118.52-1550998788137/current/finalized/subdir0/subdir0/blk_1073741844'
removed `/scratch/ssatone/21638228/hdfs_data/current/BP-461584101-198.202.118.52-1550998788137/current/finalized/subdir0/subdir0/blk_1073741833'
removed `/scratch/ssatone/21638228/hdfs_data/current/BP-461584101-198.202.118.52-1550998788137/current/finalized/subdir0/subdir0/blk_1073741843_1019.meta'
removed `/scratch/ssatone/21638228/hdfs_data/current/BP-461584101-198.202.118.52-1550998788137/current/finalized/subdir0/subdir0/blk_1073741825_1001.meta'
removed `/scratch/ssatone/21638228/hdfs_data/current/BP-461584101-198.202.118.52-1550998788137/current/finalized/subdir0/subdir0/blk_1073741846'
removed `/scratch/ssatone/21638228/hdfs_data/current/BP-461584101-198.202.118.52-1550998788137/current/finalized/subdir0/subdir0/blk_1073741836'
removed `/scratch/ssatone/21638228/hdfs_data/current/BP-461584101-198.202.118.52-1550998788137/current/finalized/subdir0/subdir0/blk_1073741846_1022.meta'
removed `/scratch/ssatone/21638228/hdfs_data/current/BP-461584101-198.202.118.52-1550998788137/current/finalized/subdir0/subdir0/blk_1073741825'
removed `/scratch/ssatone/21638228/hdfs_data/current/BP-461584101-198.202.118.52-1550998788137/current/finalized/subdir0/subdir0/blk_1073741845'
removed `/scratch/ssatone/21638228/hdfs_data/current/BP-461584101-198.202.118.52-1550998788137/current/finalized/subdir0/subdir0/blk_1073741836_1012.meta'
removed `/scratch/ssatone/21638228/hdfs_data/current/BP-461584101-198.202.118.52-1550998788137/current/finalized/subdir0/subdir0/blk_1073741835'
removed `/scratch/ssatone/21638228/hdfs_data/current/BP-461584101-198.202.118.52-1550998788137/current/finalized/subdir0/subdir0/blk_1073741826'
removed directory: `/scratch/ssatone/21638228/hdfs_data/current/BP-461584101-198.202.118.52-1550998788137/current/finalized/subdir0/subdir0'
removed directory: `/scratch/ssatone/21638228/hdfs_data/current/BP-461584101-198.202.118.52-1550998788137/current/finalized/subdir0'
removed directory: `/scratch/ssatone/21638228/hdfs_data/current/BP-461584101-198.202.118.52-1550998788137/current/finalized'
removed directory: `/scratch/ssatone/21638228/hdfs_data/current/BP-461584101-198.202.118.52-1550998788137/current'
removed directory: `/scratch/ssatone/21638228/hdfs_data/current/BP-461584101-198.202.118.52-1550998788137'
removed `/scratch/ssatone/21638228/hdfs_data/current/VERSION'
removed directory: `/scratch/ssatone/21638228/hdfs_data/current'
removed directory: `/scratch/ssatone/21638228/hdfs_data'
removed directory: `/scratch/ssatone/21638228/pids'
removed directory: `/scratch/ssatone/21638228/logs/userlogs'
removed `/scratch/ssatone/21638228/logs/hadoop-ssatone-datanode-comet-03-08.sdsc.edu.out'
removed `/scratch/ssatone/21638228/logs/hadoop-ssatone-secondarynamenode-comet-03-08.sdsc.edu.log'
removed `/scratch/ssatone/21638228/logs/SecurityAuth-ssatone.audit'
removed `/scratch/ssatone/21638228/logs/hadoop-ssatone-namenode-comet-03-08.sdsc.edu.out'
removed `/scratch/ssatone/21638228/logs/yarn-ssatone-resourcemanager-comet-03-08.out'
removed `/scratch/ssatone/21638228/logs/yarn-ssatone-nodemanager-comet-03-08.sdsc.edu.out'
removed `/scratch/ssatone/21638228/logs/hadoop-ssatone-namenode-comet-03-08.sdsc.edu.log'
removed `/scratch/ssatone/21638228/logs/yarn-ssatone-resourcemanager-comet-03-08.log'
removed `/scratch/ssatone/21638228/logs/yarn-ssatone-nodemanager-comet-03-08.sdsc.edu.log'
removed `/scratch/ssatone/21638228/logs/hadoop-ssatone-datanode-comet-03-08.sdsc.edu.log'
removed `/scratch/ssatone/21638228/logs/hadoop-ssatone-secondarynamenode-comet-03-08.sdsc.edu.out'
removed directory: `/scratch/ssatone/21638228/logs'
Warning: untrusted X11 forwarding setup failed: xauth key data not generated
Warning: No xauth data; using fake authentication data for X11 forwarding.
removed directory: `/scratch/ssatone/21638228/mapred_scratch/nmPrivate'
removed directory: `/scratch/ssatone/21638228/mapred_scratch/usercache/ssatone/appcache'
removed directory: `/scratch/ssatone/21638228/mapred_scratch/usercache/ssatone/filecache'
removed directory: `/scratch/ssatone/21638228/mapred_scratch/usercache/ssatone'
removed directory: `/scratch/ssatone/21638228/mapred_scratch/usercache'
removed directory: `/scratch/ssatone/21638228/mapred_scratch/filecache'
removed directory: `/scratch/ssatone/21638228/mapred_scratch'
removed `/scratch/ssatone/21638228/hdfs_data/current/VERSION'
removed `/scratch/ssatone/21638228/hdfs_data/current/BP-461584101-198.202.118.52-1550998788137/dncp_block_verification.log.prev'
removed `/scratch/ssatone/21638228/hdfs_data/current/BP-461584101-198.202.118.52-1550998788137/current/finalized/subdir0/subdir0/blk_1073741836_1012.meta'
removed `/scratch/ssatone/21638228/hdfs_data/current/BP-461584101-198.202.118.52-1550998788137/current/finalized/subdir0/subdir0/blk_1073741846'
removed `/scratch/ssatone/21638228/hdfs_data/current/BP-461584101-198.202.118.52-1550998788137/current/finalized/subdir0/subdir0/blk_1073741836'
removed `/scratch/ssatone/21638228/hdfs_data/current/BP-461584101-198.202.118.52-1550998788137/current/finalized/subdir0/subdir0/blk_1073741825'
removed `/scratch/ssatone/21638228/hdfs_data/current/BP-461584101-198.202.118.52-1550998788137/current/finalized/subdir0/subdir0/blk_1073741845'
removed `/scratch/ssatone/21638228/hdfs_data/current/BP-461584101-198.202.118.52-1550998788137/current/finalized/subdir0/subdir0/blk_1073741846_1022.meta'
removed `/scratch/ssatone/21638228/hdfs_data/current/BP-461584101-198.202.118.52-1550998788137/current/finalized/subdir0/subdir0/blk_1073741835'
removed `/scratch/ssatone/21638228/hdfs_data/current/BP-461584101-198.202.118.52-1550998788137/current/finalized/subdir0/subdir0/blk_1073741826'
removed `/scratch/ssatone/21638228/hdfs_data/current/BP-461584101-198.202.118.52-1550998788137/current/finalized/subdir0/subdir0/blk_1073741825_1001.meta'
removed `/scratch/ssatone/21638228/hdfs_data/current/BP-461584101-198.202.118.52-1550998788137/current/finalized/subdir0/subdir0/blk_1073741844_1020.meta'
removed `/scratch/ssatone/21638228/hdfs_data/current/BP-461584101-198.202.118.52-1550998788137/current/finalized/subdir0/subdir0/blk_1073741833_1009.meta'
removed `/scratch/ssatone/21638228/hdfs_data/current/BP-461584101-198.202.118.52-1550998788137/current/finalized/subdir0/subdir0/blk_1073741843_1019.meta'
removed `/scratch/ssatone/21638228/hdfs_data/current/BP-461584101-198.202.118.52-1550998788137/current/finalized/subdir0/subdir0/blk_1073741835_1011.meta'
removed `/scratch/ssatone/21638228/hdfs_data/current/BP-461584101-198.202.118.52-1550998788137/current/finalized/subdir0/subdir0/blk_1073741826_1002.meta'
removed `/scratch/ssatone/21638228/hdfs_data/current/BP-461584101-198.202.118.52-1550998788137/current/finalized/subdir0/subdir0/blk_1073741843'
removed `/scratch/ssatone/21638228/hdfs_data/current/BP-461584101-198.202.118.52-1550998788137/current/finalized/subdir0/subdir0/blk_1073741834'
removed `/scratch/ssatone/21638228/hdfs_data/current/BP-461584101-198.202.118.52-1550998788137/current/finalized/subdir0/subdir0/blk_1073741834_1010.meta'
removed `/scratch/ssatone/21638228/hdfs_data/current/BP-461584101-198.202.118.52-1550998788137/current/finalized/subdir0/subdir0/blk_1073741845_1021.meta'
removed `/scratch/ssatone/21638228/hdfs_data/current/BP-461584101-198.202.118.52-1550998788137/current/finalized/subdir0/subdir0/blk_1073741833'
removed `/scratch/ssatone/21638228/hdfs_data/current/BP-461584101-198.202.118.52-1550998788137/current/finalized/subdir0/subdir0/blk_1073741844'
removed directory: `/scratch/ssatone/21638228/hdfs_data/current/BP-461584101-198.202.118.52-1550998788137/current/finalized/subdir0/subdir0'
removed directory: `/scratch/ssatone/21638228/hdfs_data/current/BP-461584101-198.202.118.52-1550998788137/current/finalized/subdir0'
removed directory: `/scratch/ssatone/21638228/hdfs_data/current/BP-461584101-198.202.118.52-1550998788137/current/finalized'
removed directory: `/scratch/ssatone/21638228/hdfs_data/current/BP-461584101-198.202.118.52-1550998788137/current/rbw'
removed `/scratch/ssatone/21638228/hdfs_data/current/BP-461584101-198.202.118.52-1550998788137/current/dfsUsed'
removed `/scratch/ssatone/21638228/hdfs_data/current/BP-461584101-198.202.118.52-1550998788137/current/VERSION'
removed directory: `/scratch/ssatone/21638228/hdfs_data/current/BP-461584101-198.202.118.52-1550998788137/current'
removed `/scratch/ssatone/21638228/hdfs_data/current/BP-461584101-198.202.118.52-1550998788137/dncp_block_verification.log.curr'
removed directory: `/scratch/ssatone/21638228/hdfs_data/current/BP-461584101-198.202.118.52-1550998788137/tmp'
removed directory: `/scratch/ssatone/21638228/hdfs_data/current/BP-461584101-198.202.118.52-1550998788137'
removed directory: `/scratch/ssatone/21638228/hdfs_data/current'
removed directory: `/scratch/ssatone/21638228/hdfs_data'
removed directory: `/scratch/ssatone/21638228/pids'
removed `/scratch/ssatone/21638228/logs/hadoop-ssatone-datanode-comet-03-49.sdsc.edu.log'
removed `/scratch/ssatone/21638228/logs/userlogs/application_1550998805903_0002/container_1550998805903_0002_01_000001/syslog'
removed `/scratch/ssatone/21638228/logs/userlogs/application_1550998805903_0002/container_1550998805903_0002_01_000001/stdout'
removed `/scratch/ssatone/21638228/logs/userlogs/application_1550998805903_0002/container_1550998805903_0002_01_000001/stderr'
removed directory: `/scratch/ssatone/21638228/logs/userlogs/application_1550998805903_0002/container_1550998805903_0002_01_000001'
removed `/scratch/ssatone/21638228/logs/userlogs/application_1550998805903_0002/container_1550998805903_0002_01_000003/syslog'
removed `/scratch/ssatone/21638228/logs/userlogs/application_1550998805903_0002/container_1550998805903_0002_01_000003/stdout'
removed `/scratch/ssatone/21638228/logs/userlogs/application_1550998805903_0002/container_1550998805903_0002_01_000003/stderr'
removed directory: `/scratch/ssatone/21638228/logs/userlogs/application_1550998805903_0002/container_1550998805903_0002_01_000003'
removed directory: `/scratch/ssatone/21638228/logs/userlogs/application_1550998805903_0002'
removed directory: `/scratch/ssatone/21638228/logs/userlogs'
removed `/scratch/ssatone/21638228/logs/yarn-ssatone-nodemanager-comet-03-49.sdsc.edu.log'
removed `/scratch/ssatone/21638228/logs/SecurityAuth-ssatone.audit'
removed `/scratch/ssatone/21638228/logs/yarn-ssatone-nodemanager-comet-03-49.sdsc.edu.out'
removed `/scratch/ssatone/21638228/logs/hadoop-ssatone-datanode-comet-03-49.sdsc.edu.out'
removed directory: `/scratch/ssatone/21638228/logs'
Warning: untrusted X11 forwarding setup failed: xauth key data not generated
Warning: No xauth data; using fake authentication data for X11 forwarding.
removed directory: `/scratch/ssatone/21638228/mapred_scratch/filecache'
removed directory: `/scratch/ssatone/21638228/mapred_scratch/nmPrivate'
removed directory: `/scratch/ssatone/21638228/mapred_scratch/usercache/ssatone/appcache'
removed directory: `/scratch/ssatone/21638228/mapred_scratch/usercache/ssatone/filecache'
removed directory: `/scratch/ssatone/21638228/mapred_scratch/usercache/ssatone'
removed directory: `/scratch/ssatone/21638228/mapred_scratch/usercache'
removed directory: `/scratch/ssatone/21638228/mapred_scratch'
removed `/scratch/ssatone/21638228/hdfs_data/current/BP-461584101-198.202.118.52-1550998788137/current/finalized/subdir0/subdir0/blk_1073741836_1012.meta'
removed `/scratch/ssatone/21638228/hdfs_data/current/BP-461584101-198.202.118.52-1550998788137/current/finalized/subdir0/subdir0/blk_1073741845'
removed `/scratch/ssatone/21638228/hdfs_data/current/BP-461584101-198.202.118.52-1550998788137/current/finalized/subdir0/subdir0/blk_1073741835'
removed `/scratch/ssatone/21638228/hdfs_data/current/BP-461584101-198.202.118.52-1550998788137/current/finalized/subdir0/subdir0/blk_1073741826'
removed `/scratch/ssatone/21638228/hdfs_data/current/BP-461584101-198.202.118.52-1550998788137/current/finalized/subdir0/subdir0/blk_1073741846'
removed `/scratch/ssatone/21638228/hdfs_data/current/BP-461584101-198.202.118.52-1550998788137/current/finalized/subdir0/subdir0/blk_1073741846_1022.meta'
removed `/scratch/ssatone/21638228/hdfs_data/current/BP-461584101-198.202.118.52-1550998788137/current/finalized/subdir0/subdir0/blk_1073741836'
removed `/scratch/ssatone/21638228/hdfs_data/current/BP-461584101-198.202.118.52-1550998788137/current/finalized/subdir0/subdir0/blk_1073741825'
removed `/scratch/ssatone/21638228/hdfs_data/current/BP-461584101-198.202.118.52-1550998788137/current/finalized/subdir0/subdir0/blk_1073741825_1001.meta'
removed `/scratch/ssatone/21638228/hdfs_data/current/BP-461584101-198.202.118.52-1550998788137/current/finalized/subdir0/subdir0/blk_1073741833_1009.meta'
removed `/scratch/ssatone/21638228/hdfs_data/current/BP-461584101-198.202.118.52-1550998788137/current/finalized/subdir0/subdir0/blk_1073741844_1020.meta'
removed `/scratch/ssatone/21638228/hdfs_data/current/BP-461584101-198.202.118.52-1550998788137/current/finalized/subdir0/subdir0/blk_1073741843_1019.meta'
removed `/scratch/ssatone/21638228/hdfs_data/current/BP-461584101-198.202.118.52-1550998788137/current/finalized/subdir0/subdir0/blk_1073741834'
removed `/scratch/ssatone/21638228/hdfs_data/current/BP-461584101-198.202.118.52-1550998788137/current/finalized/subdir0/subdir0/blk_1073741843'
removed `/scratch/ssatone/21638228/hdfs_data/current/BP-461584101-198.202.118.52-1550998788137/current/finalized/subdir0/subdir0/blk_1073741844'
removed `/scratch/ssatone/21638228/hdfs_data/current/BP-461584101-198.202.118.52-1550998788137/current/finalized/subdir0/subdir0/blk_1073741833'
removed `/scratch/ssatone/21638228/hdfs_data/current/BP-461584101-198.202.118.52-1550998788137/current/finalized/subdir0/subdir0/blk_1073741835_1011.meta'
removed `/scratch/ssatone/21638228/hdfs_data/current/BP-461584101-198.202.118.52-1550998788137/current/finalized/subdir0/subdir0/blk_1073741826_1002.meta'
removed `/scratch/ssatone/21638228/hdfs_data/current/BP-461584101-198.202.118.52-1550998788137/current/finalized/subdir0/subdir0/blk_1073741834_1010.meta'
removed `/scratch/ssatone/21638228/hdfs_data/current/BP-461584101-198.202.118.52-1550998788137/current/finalized/subdir0/subdir0/blk_1073741845_1021.meta'
removed directory: `/scratch/ssatone/21638228/hdfs_data/current/BP-461584101-198.202.118.52-1550998788137/current/finalized/subdir0/subdir0'
removed directory: `/scratch/ssatone/21638228/hdfs_data/current/BP-461584101-198.202.118.52-1550998788137/current/finalized/subdir0'
removed directory: `/scratch/ssatone/21638228/hdfs_data/current/BP-461584101-198.202.118.52-1550998788137/current/finalized'
removed `/scratch/ssatone/21638228/hdfs_data/current/BP-461584101-198.202.118.52-1550998788137/current/dfsUsed'
removed `/scratch/ssatone/21638228/hdfs_data/current/BP-461584101-198.202.118.52-1550998788137/current/VERSION'
removed directory: `/scratch/ssatone/21638228/hdfs_data/current/BP-461584101-198.202.118.52-1550998788137/current/rbw'
removed directory: `/scratch/ssatone/21638228/hdfs_data/current/BP-461584101-198.202.118.52-1550998788137/current'
removed `/scratch/ssatone/21638228/hdfs_data/current/BP-461584101-198.202.118.52-1550998788137/dncp_block_verification.log.curr'
removed directory: `/scratch/ssatone/21638228/hdfs_data/current/BP-461584101-198.202.118.52-1550998788137/tmp'
removed `/scratch/ssatone/21638228/hdfs_data/current/BP-461584101-198.202.118.52-1550998788137/dncp_block_verification.log.prev'
removed directory: `/scratch/ssatone/21638228/hdfs_data/current/BP-461584101-198.202.118.52-1550998788137'
removed `/scratch/ssatone/21638228/hdfs_data/current/VERSION'
removed directory: `/scratch/ssatone/21638228/hdfs_data/current'
removed directory: `/scratch/ssatone/21638228/hdfs_data'
removed directory: `/scratch/ssatone/21638228/pids'
removed `/scratch/ssatone/21638228/logs/yarn-ssatone-nodemanager-comet-03-62.sdsc.edu.log'
removed `/scratch/ssatone/21638228/logs/hadoop-ssatone-datanode-comet-03-62.sdsc.edu.out'
removed `/scratch/ssatone/21638228/logs/SecurityAuth-ssatone.audit'
removed `/scratch/ssatone/21638228/logs/yarn-ssatone-nodemanager-comet-03-62.sdsc.edu.out'
removed `/scratch/ssatone/21638228/logs/hadoop-ssatone-datanode-comet-03-62.sdsc.edu.log'
removed `/scratch/ssatone/21638228/logs/userlogs/application_1550998805903_0001/container_1550998805903_0001_01_000001/syslog'
removed `/scratch/ssatone/21638228/logs/userlogs/application_1550998805903_0001/container_1550998805903_0001_01_000001/stdout'
removed `/scratch/ssatone/21638228/logs/userlogs/application_1550998805903_0001/container_1550998805903_0001_01_000001/stderr'
removed directory: `/scratch/ssatone/21638228/logs/userlogs/application_1550998805903_0001/container_1550998805903_0001_01_000001'
removed `/scratch/ssatone/21638228/logs/userlogs/application_1550998805903_0001/container_1550998805903_0001_01_000002/stdout'
removed `/scratch/ssatone/21638228/logs/userlogs/application_1550998805903_0001/container_1550998805903_0001_01_000002/syslog'
removed `/scratch/ssatone/21638228/logs/userlogs/application_1550998805903_0001/container_1550998805903_0001_01_000002/stderr'
removed directory: `/scratch/ssatone/21638228/logs/userlogs/application_1550998805903_0001/container_1550998805903_0001_01_000002'
removed `/scratch/ssatone/21638228/logs/userlogs/application_1550998805903_0001/container_1550998805903_0001_01_000003/stdout'
removed `/scratch/ssatone/21638228/logs/userlogs/application_1550998805903_0001/container_1550998805903_0001_01_000003/syslog'
removed `/scratch/ssatone/21638228/logs/userlogs/application_1550998805903_0001/container_1550998805903_0001_01_000003/stderr'
removed directory: `/scratch/ssatone/21638228/logs/userlogs/application_1550998805903_0001/container_1550998805903_0001_01_000003'
removed `/scratch/ssatone/21638228/logs/userlogs/application_1550998805903_0001/container_1550998805903_0001_01_000004/syslog'
removed `/scratch/ssatone/21638228/logs/userlogs/application_1550998805903_0001/container_1550998805903_0001_01_000004/stdout'
removed `/scratch/ssatone/21638228/logs/userlogs/application_1550998805903_0001/container_1550998805903_0001_01_000004/stderr'
removed directory: `/scratch/ssatone/21638228/logs/userlogs/application_1550998805903_0001/container_1550998805903_0001_01_000004'
removed directory: `/scratch/ssatone/21638228/logs/userlogs/application_1550998805903_0001'
removed `/scratch/ssatone/21638228/logs/userlogs/application_1550998805903_0002/container_1550998805903_0002_01_000002/stdout'
removed `/scratch/ssatone/21638228/logs/userlogs/application_1550998805903_0002/container_1550998805903_0002_01_000002/syslog'
removed `/scratch/ssatone/21638228/logs/userlogs/application_1550998805903_0002/container_1550998805903_0002_01_000002/stderr'
removed directory: `/scratch/ssatone/21638228/logs/userlogs/application_1550998805903_0002/container_1550998805903_0002_01_000002'
removed directory: `/scratch/ssatone/21638228/logs/userlogs/application_1550998805903_0002'
removed directory: `/scratch/ssatone/21638228/logs/userlogs'
removed directory: `/scratch/ssatone/21638228/logs'
removed directory: `/tmp/Jetty_0_0_0_0_50075_datanode____hwtdwq/jsp'
removed directory: `/tmp/Jetty_0_0_0_0_50075_datanode____hwtdwq/.active'
removed directory: `/tmp/Jetty_0_0_0_0_50075_datanode____hwtdwq'
removed directory: `/tmp/Jetty_0_0_0_0_50070_hdfs____w2cu08/jsp'
removed directory: `/tmp/Jetty_0_0_0_0_50070_hdfs____w2cu08/.active'
removed directory: `/tmp/Jetty_0_0_0_0_50070_hdfs____w2cu08'
removed directory: `/tmp/Jetty_comet.03.08_ibnet_50090_secondary____.lh4tdo/jsp'
removed directory: `/tmp/Jetty_comet.03.08_ibnet_50090_secondary____.lh4tdo/.active'
removed directory: `/tmp/Jetty_comet.03.08_ibnet_50090_secondary____.lh4tdo'
